{"meta": {"format": 3, "version": "7.14.1", "timestamp": "2026-09-22T17:52:57.187969", "branch_coverage": false, "show_contexts": false}, "files": {"toponymy/__init__.py": {"executed_lines": [1, 2, 3, 4, 5, 7, 9, 10, 14, 29, 30, 34], "summary": {"covered_lines": 12, "num_statements": 16, "percent_covered": 75.0, "percent_covered_display": "75", "missing_lines": 4, "excluded_lines": 0, "percent_statements_covered": 75.0, "percent_statements_covered_display": "75"}, "missing_lines": [11, 12, 31, 33], "excluded_lines": [], "functions": {"__getattr__": {"executed_lines": [30, 34], "summary": {"covered_lines": 2, "num_statements": 4, "percent_covered": 50.0, "percent_covered_display": "50", "missing_lines": 2, "excluded_lines": 0, "percent_statements_covered": 50.0, "percent_statements_covered_display": "50"}, "missing_lines": [31, 33], "excluded_lines": [], "start_line": 29}, "": {"executed_lines": [1, 2, 3, 4, 5, 7, 9, 10, 14, 29], "summary": {"covered_lines": 10, "num_statements": 12, "percent_covered": 83.33333333333333, "percent_covered_display": "83", "missing_lines": 2, "excluded_lines": 0, "percent_statements_covered": 83.33333333333333, "percent_statements_covered_display": "83"}, "missing_lines": [11, 12], "excluded_lines": [], "start_line": 1}}, "classes": {"": {"executed_lines": [1, 2, 3, 4, 5, 7, 9, 10, 14, 29, 30, 34], "summary": {"covered_lines": 12, "num_statements": 16, "percent_covered": 75.0, "percent_covered_display": "75", "missing_lines": 4, "excluded_lines": 0, "percent_statements_covered": 75.0, "percent_statements_covered_display": "75"}, "missing_lines": [11, 12, 31, 33], "excluded_lines": [], "start_line": 1}}}, "toponymy/_evoc.py": {"executed_lines": [10, 11, 12, 13, 14, 15, 17, 19, 27, 29, 31, 33, 40, 41, 42, 43, 44, 45, 46, 47, 48, 49, 52, 54, 55, 56, 57, 58, 59, 62, 69, 70, 71, 72, 73, 74, 75, 76, 83, 84, 92, 93, 94, 95, 96, 97, 98, 99, 100, 101, 102, 103, 104, 105, 108, 109, 110, 111, 112, 114, 115, 116, 117, 119, 120, 121, 122, 123, 124, 125, 129, 131, 132, 133, 134, 137, 138, 140, 141, 142, 145, 146, 147, 148, 152], "summary": {"covered_lines": 85, "num_statements": 90, "percent_covered": 94.44444444444444, "percent_covered_display": "94", "missing_lines": 5, "excluded_lines": 0, "percent_statements_covered": 94.44444444444444, "percent_statements_covered_display": "94"}, "missing_lines": [30, 126, 153, 154, 155], "excluded_lines": [], "functions": {"_stop_child": {"executed_lines": [29, 31, 33, 40, 41, 42, 43, 44, 45, 46, 47, 48, 49], "summary": {"covered_lines": 13, "num_statements": 14, "percent_covered": 92.85714285714286, "percent_covered_display": "93", "missing_lines": 1, "excluded_lines": 0, "percent_statements_covered": 92.85714285714286, "percent_statements_covered_display": "93"}, "missing_lines": [30], "excluded_lines": [], "start_line": 27}, "_failure_output": {"executed_lines": [54, 55, 56, 57, 58, 59], "summary": {"covered_lines": 6, "num_statements": 6, "percent_covered": 100.0, "percent_covered_display": "100", "missing_lines": 0, "excluded_lines": 0, "percent_statements_covered": 100.0, "percent_statements_covered_display": "100"}, "missing_lines": [], "excluded_lines": [], "start_line": 52}, "fit_isolated": {"executed_lines": [69, 70, 71, 72, 73, 74, 75, 76, 83, 84, 92, 93, 94, 95, 96, 97, 98, 99, 100, 101, 102, 103, 104, 105, 108, 109, 110, 111, 112, 114, 115, 116, 117, 119, 120, 121, 122, 123, 124, 125], "summary": {"covered_lines": 40, "num_statements": 41, "percent_covered": 97.5609756097561, "percent_covered_display": "98", "missing_lines": 1, "excluded_lines": 0, "percent_statements_covered": 97.5609756097561, "percent_statements_covered_display": "98"}, "missing_lines": [126], "excluded_lines": [], "start_line": 62}, "_fitted_state": {"executed_lines": [131, 132, 133, 134], "summary": {"covered_lines": 4, "num_statements": 4, "percent_covered": 100.0, "percent_covered_display": "100", "missing_lines": 0, "excluded_lines": 0, "percent_statements_covered": 100.0, "percent_statements_covered_display": "100"}, "missing_lines": [], "excluded_lines": [], "start_line": 129}, "_fit_child": {"executed_lines": [138, 140, 141, 142, 145, 146, 147, 148], "summary": {"covered_lines": 8, "num_statements": 8, "percent_covered": 100.0, "percent_covered_display": "100", "missing_lines": 0, "excluded_lines": 0, "percent_statements_covered": 100.0, "percent_statements_covered_display": "100"}, "missing_lines": [], "excluded_lines": [], "start_line": 137}, "": {"executed_lines": [10, 11, 12, 13, 14, 15, 17, 19, 27, 52, 62, 129, 137, 152], "summary": {"covered_lines": 14, "num_statements": 17, "percent_covered": 82.3529411764706, "percent_covered_display": "82", "missing_lines": 3, "excluded_lines": 0, "percent_statements_covered": 82.3529411764706, "percent_statements_covered_display": "82"}, "missing_lines": [153, 154, 155], "excluded_lines": [], "start_line": 1}}, "classes": {"": {"executed_lines": [10, 11, 12, 13, 14, 15, 17, 19, 27, 29, 31, 33, 40, 41, 42, 43, 44, 45, 46, 47, 48, 49, 52, 54, 55, 56, 57, 58, 59, 62, 69, 70, 71, 72, 73, 74, 75, 76, 83, 84, 92, 93, 94, 95, 96, 97, 98, 99, 100, 101, 102, 103, 104, 105, 108, 109, 110, 111, 112, 114, 115, 116, 117, 119, 120, 121, 122, 123, 124, 125, 129, 131, 132, 133, 134, 137, 138, 140, 141, 142, 145, 146, 147, 148, 152], "summary": {"covered_lines": 85, "num_statements": 90, "percent_covered": 94.44444444444444, "percent_covered_display": "94", "missing_lines": 5, "excluded_lines": 0, "percent_statements_covered": 94.44444444444444, "percent_statements_covered_display": "94"}, "missing_lines": [30, 126, 153, 154, 155], "excluded_lines": [], "start_line": 1}}}, "toponymy/_utils.py": {"executed_lines": [3, 4, 5, 8, 32, 62, 63, 66, 67, 68, 69, 70, 71, 72, 75, 76, 77, 87, 92, 93, 96, 97, 100, 106, 139, 140, 141, 142, 144, 145, 148, 149, 150, 151, 152, 154, 155, 156, 157, 160, 161, 166, 168, 170, 175, 180], "summary": {"covered_lines": 46, "num_statements": 49, "percent_covered": 93.87755102040816, "percent_covered_display": "94", "missing_lines": 3, "excluded_lines": 0, "percent_statements_covered": 93.87755102040816, "percent_statements_covered_display": "94"}, "missing_lines": [22, 23, 158], "excluded_lines": [], "functions": {"handle_deprecated_prompt_format": {"executed_lines": [], "summary": {"covered_lines": 0, "num_statements": 2, "percent_covered": 0.0, "percent_covered_display": "0", "missing_lines": 2, "excluded_lines": 0, "percent_statements_covered": 0.0, "percent_statements_covered_display": "0"}, "missing_lines": [22, 23], "excluded_lines": [], "start_line": 8}, "handle_verbose_params": {"executed_lines": [62, 63, 66, 67, 68, 69, 70, 71, 72, 75, 76, 77, 87, 92, 93, 96, 97, 100], "summary": {"covered_lines": 18, "num_statements": 18, "percent_covered": 100.0, "percent_covered_display": "100", "missing_lines": 0, "excluded_lines": 0, "percent_statements_covered": 100.0, "percent_statements_covered_display": "100"}, "missing_lines": [], "excluded_lines": [], "start_line": 32}, "resolve_api_key": {"executed_lines": [139, 140, 141, 142, 144, 145, 148, 149, 150, 151, 152, 154, 155, 156, 157, 160, 161, 166, 168, 170, 175, 180], "summary": {"covered_lines": 22, "num_statements": 23, "percent_covered": 95.65217391304348, "percent_covered_display": "96", "missing_lines": 1, "excluded_lines": 0, "percent_statements_covered": 95.65217391304348, "percent_statements_covered_display": "96"}, "missing_lines": [158], "excluded_lines": [], "start_line": 106}, "": {"executed_lines": [3, 4, 5, 8, 32, 106], "summary": {"covered_lines": 6, "num_statements": 6, "percent_covered": 100.0, "percent_covered_display": "100", "missing_lines": 0, "excluded_lines": 0, "percent_statements_covered": 100.0, "percent_statements_covered_display": "100"}, "missing_lines": [], "excluded_lines": [], "start_line": 1}}, "classes": {"": {"executed_lines": [3, 4, 5, 8, 32, 62, 63, 66, 67, 68, 69, 70, 71, 72, 75, 76, 77, 87, 92, 93, 96, 97, 100, 106, 139, 140, 141, 142, 144, 145, 148, 149, 150, 151, 152, 154, 155, 156, 157, 160, 161, 166, 168, 170, 175, 180], "summary": {"covered_lines": 46, "num_statements": 49, "percent_covered": 93.87755102040816, "percent_covered_display": "94", "missing_lines": 3, "excluded_lines": 0, "percent_statements_covered": 93.87755102040816, "percent_statements_covered_display": "94"}, "missing_lines": [22, 23, 158], "excluded_lines": [], "start_line": 1}}}, "toponymy/audit.py": {"executed_lines": [3, 4, 5, 7, 9, 27, 28, 29, 30, 33, 36, 37, 38, 43, 44, 51, 52, 55, 58, 59, 62, 65, 66, 67, 68, 69, 70, 71, 74, 75, 76, 77, 81, 82, 83, 84, 85, 88, 100, 101, 102, 103, 104, 105, 106, 107, 108, 109, 110, 111, 112, 128, 129, 130, 131, 132, 134, 135, 136, 137, 138, 139, 140, 143, 151, 152, 159, 160, 161, 162, 163, 173, 180, 182, 192, 200, 203, 205, 206, 207, 208, 209, 217, 223, 225, 226, 227, 228, 229, 230, 231, 248, 262, 264, 265, 266, 267, 268, 269, 281, 296, 319, 323, 324, 325, 326, 327, 328, 329, 336, 338, 339, 340, 346, 352, 353, 354, 355, 356], "summary": {"covered_lines": 119, "num_statements": 129, "percent_covered": 92.24806201550388, "percent_covered_display": "92", "missing_lines": 10, "excluded_lines": 0, "percent_statements_covered": 92.24806201550388, "percent_statements_covered_display": "92"}, "missing_lines": [78, 298, 299, 302, 305, 306, 309, 310, 313, 316], "excluded_lines": [], "functions": {"_result": {"executed_lines": [28, 29, 30, 33], "summary": {"covered_lines": 4, "num_statements": 4, "percent_covered": 100.0, "percent_covered_display": "100", "missing_lines": 0, "excluded_lines": 0, "percent_statements_covered": 100.0, "percent_statements_covered_display": "100"}, "missing_lines": [], "excluded_lines": [], "start_line": 27}, "_layer_topics": {"executed_lines": [37, 38, 43, 44], "summary": {"covered_lines": 4, "num_statements": 4, "percent_covered": 100.0, "percent_covered_display": "100", "missing_lines": 0, "excluded_lines": 0, "percent_statements_covered": 100.0, "percent_statements_covered_display": "100"}, "missing_lines": [], "excluded_lines": [], "start_line": 36}, "_limit": {"executed_lines": [52, 55], "summary": {"covered_lines": 2, "num_statements": 2, "percent_covered": 100.0, "percent_covered_display": "100", "missing_lines": 0, "excluded_lines": 0, "percent_statements_covered": 100.0, "percent_statements_covered_display": "100"}, "missing_lines": [], "excluded_lines": [], "start_line": 51}, "_document_texts": {"executed_lines": [59, 62], "summary": {"covered_lines": 2, "num_statements": 2, "percent_covered": 100.0, "percent_covered_display": "100", "missing_lines": 0, "excluded_lines": 0, "percent_statements_covered": 100.0, "percent_statements_covered_display": "100"}, "missing_lines": [], "excluded_lines": [], "start_line": 58}, "_prompt_text": {"executed_lines": [66, 67, 68, 69, 70, 71, 74, 75, 76, 77], "summary": {"covered_lines": 10, "num_statements": 11, "percent_covered": 90.9090909090909, "percent_covered_display": "91", "missing_lines": 1, "excluded_lines": 0, "percent_statements_covered": 90.9090909090909, "percent_statements_covered_display": "91"}, "missing_lines": [78], "excluded_lines": [], "start_line": 65}, "_subtopics": {"executed_lines": [82, 83, 84, 85], "summary": {"covered_lines": 4, "num_statements": 4, "percent_covered": 100.0, "percent_covered_display": "100", "missing_lines": 0, "excluded_lines": 0, "percent_statements_covered": 100.0, "percent_statements_covered_display": "100"}, "missing_lines": [], "excluded_lines": [], "start_line": 81}, "create_cluster_audit_df": {"executed_lines": [100, 101, 102, 103, 104, 105, 106, 107, 108, 109, 110, 111, 112, 128, 129, 130, 131, 132, 134, 135, 136, 137, 138, 139, 140], "summary": {"covered_lines": 25, "num_statements": 25, "percent_covered": 100.0, "percent_covered_display": "100", "missing_lines": 0, "excluded_lines": 0, "percent_statements_covered": 100.0, "percent_statements_covered_display": "100"}, "missing_lines": [], "excluded_lines": [], "start_line": 88}, "create_audit_df": {"executed_lines": [151, 152, 159, 160, 161, 162, 163, 173], "summary": {"covered_lines": 8, "num_statements": 8, "percent_covered": 100.0, "percent_covered_display": "100", "missing_lines": 0, "excluded_lines": 0, "percent_statements_covered": 100.0, "percent_statements_covered_display": "100"}, "missing_lines": [], "excluded_lines": [], "start_line": 143}, "create_comparison_df": {"executed_lines": [182, 192, 200], "summary": {"covered_lines": 3, "num_statements": 3, "percent_covered": 100.0, "percent_covered_display": "100", "missing_lines": 0, "excluded_lines": 0, "percent_statements_covered": 100.0, "percent_statements_covered_display": "100"}, "missing_lines": [], "excluded_lines": [], "start_line": 180}, "create_keyphrase_analysis_df": {"executed_lines": [205, 206, 207, 208, 209, 217], "summary": {"covered_lines": 6, "num_statements": 6, "percent_covered": 100.0, "percent_covered_display": "100", "missing_lines": 0, "excluded_lines": 0, "percent_statements_covered": 100.0, "percent_statements_covered_display": "100"}, "missing_lines": [], "excluded_lines": [], "start_line": 203}, "create_prompt_analysis_df": {"executed_lines": [225, 226, 227, 228, 229, 230, 231, 248], "summary": {"covered_lines": 8, "num_statements": 8, "percent_covered": 100.0, "percent_covered_display": "100", "missing_lines": 0, "excluded_lines": 0, "percent_statements_covered": 100.0, "percent_statements_covered_display": "100"}, "missing_lines": [], "excluded_lines": [], "start_line": 223}, "create_layer_summary_df": {"executed_lines": [264, 265, 266, 267, 268, 269, 281], "summary": {"covered_lines": 7, "num_statements": 7, "percent_covered": 100.0, "percent_covered_display": "100", "missing_lines": 0, "excluded_lines": 0, "percent_statements_covered": 100.0, "percent_statements_covered_display": "100"}, "missing_lines": [], "excluded_lines": [], "start_line": 262}, "export_audit_excel": {"executed_lines": [], "summary": {"covered_lines": 0, "num_statements": 9, "percent_covered": 0.0, "percent_covered_display": "0", "missing_lines": 9, "excluded_lines": 0, "percent_statements_covered": 0.0, "percent_statements_covered_display": "0"}, "missing_lines": [298, 299, 302, 305, 306, 309, 310, 313, 316], "excluded_lines": [], "start_line": 296}, "get_cluster_documents": {"executed_lines": [323, 324, 325, 326, 327, 328, 329], "summary": {"covered_lines": 7, "num_statements": 7, "percent_covered": 100.0, "percent_covered_display": "100", "missing_lines": 0, "excluded_lines": 0, "percent_statements_covered": 100.0, "percent_statements_covered_display": "100"}, "missing_lines": [], "excluded_lines": [], "start_line": 319}, "get_cluster_details": {"executed_lines": [338, 339, 340, 346, 352, 353, 354, 355, 356], "summary": {"covered_lines": 9, "num_statements": 9, "percent_covered": 100.0, "percent_covered_display": "100", "missing_lines": 0, "excluded_lines": 0, "percent_statements_covered": 100.0, "percent_statements_covered_display": "100"}, "missing_lines": [], "excluded_lines": [], "start_line": 336}, "": {"executed_lines": [3, 4, 5, 7, 9, 27, 36, 51, 58, 65, 81, 88, 143, 180, 203, 223, 262, 296, 319, 336], "summary": {"covered_lines": 20, "num_statements": 20, "percent_covered": 100.0, "percent_covered_display": "100", "missing_lines": 0, "excluded_lines": 0, "percent_statements_covered": 100.0, "percent_statements_covered_display": "100"}, "missing_lines": [], "excluded_lines": [], "start_line": 1}}, "classes": {"": {"executed_lines": [3, 4, 5, 7, 9, 27, 28, 29, 30, 33, 36, 37, 38, 43, 44, 51, 52, 55, 58, 59, 62, 65, 66, 67, 68, 69, 70, 71, 74, 75, 76, 77, 81, 82, 83, 84, 85, 88, 100, 101, 102, 103, 104, 105, 106, 107, 108, 109, 110, 111, 112, 128, 129, 130, 131, 132, 134, 135, 136, 137, 138, 139, 140, 143, 151, 152, 159, 160, 161, 162, 163, 173, 180, 182, 192, 200, 203, 205, 206, 207, 208, 209, 217, 223, 225, 226, 227, 228, 229, 230, 231, 248, 262, 264, 265, 266, 267, 268, 269, 281, 296, 319, 323, 324, 325, 326, 327, 328, 329, 336, 338, 339, 340, 346, 352, 353, 354, 355, 356], "summary": {"covered_lines": 119, "num_statements": 129, "percent_covered": 92.24806201550388, "percent_covered_display": "92", "missing_lines": 10, "excluded_lines": 0, "percent_statements_covered": 92.24806201550388, "percent_statements_covered_display": "92"}, "missing_lines": [78, 298, 299, 302, 305, 306, 309, 310, 313, 316], "excluded_lines": [], "start_line": 1}}}, "toponymy/clustering.py": {"executed_lines": [3, 4, 5, 6, 8, 9, 10, 11, 13, 20, 23, 24, 25, 26, 27, 28, 29, 32, 33, 34, 35, 36, 44, 45, 48, 50, 51, 54, 55, 59, 62, 65, 72, 73, 76, 83, 84, 87, 95, 96, 97, 98, 99, 100, 101, 102, 103, 104, 105, 106, 107, 108, 109, 110, 111, 112, 113, 114, 117, 123, 124, 125, 129, 130, 131, 132, 137, 139, 140, 141, 142, 143, 145, 146, 147, 148, 149, 150, 151, 152, 153, 154, 155, 156, 157, 158, 159, 160, 161, 164, 165, 166, 169, 171, 172, 173, 174, 175, 177, 178, 179, 180, 181, 182, 183, 184, 185, 186, 187, 190, 193, 194, 197, 198, 200, 201, 203, 204, 205, 206, 208, 209, 211, 212, 213, 214, 215, 216, 219, 220, 221, 222, 224, 225, 226, 227, 228, 231, 240, 241, 242, 243, 244, 245, 251, 252, 254, 255, 256, 257, 258, 259, 260, 263, 270, 273, 274, 275, 276, 278, 285, 287, 289, 290, 291, 292, 293, 294, 295, 296, 297, 298, 299, 300, 301, 306, 307, 308, 309, 310, 311, 314, 315, 316, 318, 319, 320, 323, 399, 416, 417, 418, 419, 420, 421, 422, 423, 424, 425, 426, 427, 428, 429, 430, 432, 439, 441, 442, 443, 444, 446, 447, 448, 449, 450, 451, 452, 453, 454, 456, 457, 458, 460, 461, 462, 463, 468, 470, 471, 472, 473, 474, 475, 476, 477, 480, 483, 484, 485, 488, 603, 623, 624, 625, 626, 627, 628, 629, 630, 631, 632, 633, 634, 635, 636, 637, 638, 639, 640, 642, 643, 644, 645, 646, 647, 648, 649, 650, 651, 652, 653, 654, 655, 656, 657, 658, 660, 662, 663, 664, 665, 667, 669, 671, 672, 673, 674, 677, 680, 681, 686], "summary": {"covered_lines": 291, "num_statements": 298, "percent_covered": 97.6510067114094, "percent_covered_display": "98", "missing_lines": 7, "excluded_lines": 0, "percent_statements_covered": 97.6510067114094, "percent_statements_covered_display": "98"}, "missing_lines": [199, 288, 317, 440, 445, 459, 469], "excluded_lines": [], "functions": {"_validate_label_layers": {"executed_lines": [24, 25, 26, 27, 28, 29], "summary": {"covered_lines": 6, "num_statements": 6, "percent_covered": 100.0, "percent_covered_display": "100", "missing_lines": 0, "excluded_lines": 0, "percent_statements_covered": 100.0, "percent_statements_covered_display": "100"}, "missing_lines": [], "excluded_lines": [], "start_line": 23}, "_group_labels": {"executed_lines": [33, 34, 35, 36, 44, 45], "summary": {"covered_lines": 6, "num_statements": 6, "percent_covered": 100.0, "percent_covered_display": "100", "missing_lines": 0, "excluded_lines": 0, "percent_statements_covered": 100.0, "percent_statements_covered_display": "100"}, "missing_lines": [], "excluded_lines": [], "start_line": 32}, "_layers_from_grouping": {"executed_lines": [50, 51, 54, 55, 59, 62], "summary": {"covered_lines": 6, "num_statements": 6, "percent_covered": 100.0, "percent_covered_display": "100", "missing_lines": 0, "excluded_lines": 0, "percent_statements_covered": 100.0, "percent_statements_covered_display": "100"}, "missing_lines": [], "excluded_lines": [], "start_line": 48}, "build_cluster_layers": {"executed_lines": [72, 73], "summary": {"covered_lines": 2, "num_statements": 2, "percent_covered": 100.0, "percent_covered_display": "100", "missing_lines": 0, "excluded_lines": 0, "percent_statements_covered": 100.0, "percent_statements_covered_display": "100"}, "missing_lines": [], "excluded_lines": [], "start_line": 65}, "build_cluster_tree": {"executed_lines": [83, 84], "summary": {"covered_lines": 2, "num_statements": 2, "percent_covered": 100.0, "percent_covered_display": "100", "missing_lines": 0, "excluded_lines": 0, "percent_statements_covered": 100.0, "percent_statements_covered_display": "100"}, "missing_lines": [], "excluded_lines": [], "start_line": 76}, "_tree_from_grouping": {"executed_lines": [95, 96, 97, 98, 99, 100, 101, 102, 103, 104, 105, 106, 107, 108, 109, 110, 111, 112, 113, 114], "summary": {"covered_lines": 20, "num_statements": 20, "percent_covered": 100.0, "percent_covered_display": "100", "missing_lines": 0, "excluded_lines": 0, "percent_statements_covered": 100.0, "percent_statements_covered_display": "100"}, "missing_lines": [], "excluded_lines": [], "start_line": 87}, "validate_cluster_tree": {"executed_lines": [123, 124, 125, 129, 130, 131, 132, 137, 139, 145, 146, 147, 148, 149, 150, 151, 152, 153, 154, 155, 156, 157, 158, 159, 160, 161, 164, 165, 166], "summary": {"covered_lines": 29, "num_statements": 29, "percent_covered": 100.0, "percent_covered_display": "100", "missing_lines": 0, "excluded_lines": 0, "percent_statements_covered": 100.0, "percent_statements_covered_display": "100"}, "missing_lines": [], "excluded_lines": [], "start_line": 117}, "validate_cluster_tree.check_key": {"executed_lines": [140, 141, 142, 143], "summary": {"covered_lines": 4, "num_statements": 4, "percent_covered": 100.0, "percent_covered_display": "100", "missing_lines": 0, "excluded_lines": 0, "percent_statements_covered": 100.0, "percent_statements_covered_display": "100"}, "missing_lines": [], "excluded_lines": [], "start_line": 139}, "_validate_vectors": {"executed_lines": [171, 172, 173, 174, 175, 177, 178, 179, 180, 181, 182, 183, 184, 185, 186, 187], "summary": {"covered_lines": 16, "num_statements": 16, "percent_covered": 100.0, "percent_covered_display": "100", "missing_lines": 0, "excluded_lines": 0, "percent_statements_covered": 100.0, "percent_statements_covered_display": "100"}, "missing_lines": [], "excluded_lines": [], "start_line": 169}, "Clusterer.fit": {"executed_lines": [], "summary": {"covered_lines": 0, "num_statements": 0, "percent_covered": 100.0, "percent_covered_display": "100", "missing_lines": 0, "excluded_lines": 0, "percent_statements_covered": 100.0, "percent_statements_covered_display": "100"}, "missing_lines": [], "excluded_lines": [], "start_line": 194}, "Clusterer.fit_predict": {"executed_lines": [198, 200, 201], "summary": {"covered_lines": 3, "num_statements": 4, "percent_covered": 75.0, "percent_covered_display": "75", "missing_lines": 1, "excluded_lines": 0, "percent_statements_covered": 75.0, "percent_statements_covered_display": "75"}, "missing_lines": [199], "excluded_lines": [], "start_line": 197}, "Clusterer.__iter__": {"executed_lines": [204, 205, 206], "summary": {"covered_lines": 3, "num_statements": 3, "percent_covered": 100.0, "percent_covered_display": "100", "missing_lines": 0, "excluded_lines": 0, "percent_statements_covered": 100.0, "percent_statements_covered_display": "100"}, "missing_lines": [], "excluded_lines": [], "start_line": 203}, "Clusterer.__sklearn_is_fitted__": {"executed_lines": [209], "summary": {"covered_lines": 1, "num_statements": 1, "percent_covered": 100.0, "percent_covered_display": "100", "missing_lines": 0, "excluded_lines": 0, "percent_statements_covered": 100.0, "percent_statements_covered_display": "100"}, "missing_lines": [], "excluded_lines": [], "start_line": 208}, "Clusterer._set_labels": {"executed_lines": [212, 213, 214, 215, 216, 219, 220, 221, 222, 224, 225, 226, 227, 228], "summary": {"covered_lines": 14, "num_statements": 14, "percent_covered": 100.0, "percent_covered_display": "100", "missing_lines": 0, "excluded_lines": 0, "percent_statements_covered": 100.0, "percent_statements_covered_display": "100"}, "missing_lines": [], "excluded_lines": [], "start_line": 211}, "PrecomputedClusterer.__init__": {"executed_lines": [241, 242, 243, 244, 245], "summary": {"covered_lines": 5, "num_statements": 5, "percent_covered": 100.0, "percent_covered_display": "100", "missing_lines": 0, "excluded_lines": 0, "percent_statements_covered": 100.0, "percent_statements_covered_display": "100"}, "missing_lines": [], "excluded_lines": [], "start_line": 240}, "PrecomputedClusterer.__sklearn_clone__": {"executed_lines": [252], "summary": {"covered_lines": 1, "num_statements": 1, "percent_covered": 100.0, "percent_covered_display": "100", "missing_lines": 0, "excluded_lines": 0, "percent_statements_covered": 100.0, "percent_statements_covered_display": "100"}, "missing_lines": [], "excluded_lines": [], "start_line": 251}, "PrecomputedClusterer.fit": {"executed_lines": [255, 256, 257, 258, 259, 260], "summary": {"covered_lines": 6, "num_statements": 6, "percent_covered": 100.0, "percent_covered_display": "100", "missing_lines": 0, "excluded_lines": 0, "percent_statements_covered": 100.0, "percent_statements_covered_display": "100"}, "missing_lines": [], "excluded_lines": [], "start_line": 254}, "KMeansClusterer.__init__": {"executed_lines": [273, 274, 275, 276], "summary": {"covered_lines": 4, "num_statements": 4, "percent_covered": 100.0, "percent_covered_display": "100", "missing_lines": 0, "excluded_lines": 0, "percent_statements_covered": 100.0, "percent_statements_covered_display": "100"}, "missing_lines": [], "excluded_lines": [], "start_line": 270}, "KMeansClusterer.fit": {"executed_lines": [285, 287, 289, 290, 291, 292, 293, 294, 295, 296, 297, 298, 299, 300, 301, 306, 307, 308, 309, 310, 311], "summary": {"covered_lines": 21, "num_statements": 22, "percent_covered": 95.45454545454545, "percent_covered_display": "95", "missing_lines": 1, "excluded_lines": 0, "percent_statements_covered": 95.45454545454545, "percent_statements_covered_display": "95"}, "missing_lines": [288], "excluded_lines": [], "start_line": 278}, "_validate_density_parameters": {"executed_lines": [315, 316, 318, 319, 320], "summary": {"covered_lines": 5, "num_statements": 6, "percent_covered": 83.33333333333333, "percent_covered_display": "83", "missing_lines": 1, "excluded_lines": 0, "percent_statements_covered": 83.33333333333333, "percent_statements_covered_display": "83"}, "missing_lines": [317], "excluded_lines": [], "start_line": 314}, "PLSCANClusterer.__init__": {"executed_lines": [416, 417, 418, 419, 420, 421, 422, 423, 424, 425, 426, 427, 428, 429, 430], "summary": {"covered_lines": 15, "num_statements": 15, "percent_covered": 100.0, "percent_covered_display": "100", "missing_lines": 0, "excluded_lines": 0, "percent_statements_covered": 100.0, "percent_statements_covered_display": "100"}, "missing_lines": [], "excluded_lines": [], "start_line": 399}, "PLSCANClusterer.fit": {"executed_lines": [439, 441, 442, 443, 444, 446, 447, 448, 449, 450, 451, 452, 453, 454, 456, 457, 458, 460, 461, 462, 463, 468, 470, 471, 472, 473, 474, 475, 476, 477, 480, 483, 484, 485], "summary": {"covered_lines": 34, "num_statements": 38, "percent_covered": 89.47368421052632, "percent_covered_display": "89", "missing_lines": 4, "excluded_lines": 0, "percent_statements_covered": 89.47368421052632, "percent_statements_covered_display": "89"}, "missing_lines": [440, 445, 459, 469], "excluded_lines": [], "start_line": 432}, "EVoCClusterer.__init__": {"executed_lines": [623, 624, 625, 626, 627, 628, 629, 630, 631, 632, 633, 634, 635, 636, 637, 638, 639, 640], "summary": {"covered_lines": 18, "num_statements": 18, "percent_covered": 100.0, "percent_covered_display": "100", "missing_lines": 0, "excluded_lines": 0, "percent_statements_covered": 100.0, "percent_statements_covered_display": "100"}, "missing_lines": [], "excluded_lines": [], "start_line": 603}, "EVoCClusterer.fit": {"executed_lines": [643, 644, 645, 646, 647, 648, 649, 650, 651, 652, 653, 654, 655, 656, 657, 658, 660, 662, 663, 664, 665, 667, 669, 671, 672, 673, 674], "summary": {"covered_lines": 27, "num_statements": 27, "percent_covered": 100.0, "percent_covered_display": "100", "missing_lines": 0, "excluded_lines": 0, "percent_statements_covered": 100.0, "percent_statements_covered_display": "100"}, "missing_lines": [], "excluded_lines": [], "start_line": 642}, "ToponymyClusterer.fit": {"executed_lines": [681, 686], "summary": {"covered_lines": 2, "num_statements": 2, "percent_covered": 100.0, "percent_covered_display": "100", "missing_lines": 0, "excluded_lines": 0, "percent_statements_covered": 100.0, "percent_statements_covered_display": "100"}, "missing_lines": [], "excluded_lines": [], "start_line": 680}, "": {"executed_lines": [3, 4, 5, 6, 8, 9, 10, 11, 13, 20, 23, 32, 48, 65, 76, 87, 117, 169, 190, 193, 194, 197, 203, 208, 211, 231, 240, 251, 254, 263, 270, 278, 314, 323, 399, 432, 488, 603, 642, 677, 680], "summary": {"covered_lines": 41, "num_statements": 41, "percent_covered": 100.0, "percent_covered_display": "100", "missing_lines": 0, "excluded_lines": 0, "percent_statements_covered": 100.0, "percent_statements_covered_display": "100"}, "missing_lines": [], "excluded_lines": [], "start_line": 1}}, "classes": {"Clusterer": {"executed_lines": [198, 200, 201, 204, 205, 206, 209, 212, 213, 214, 215, 216, 219, 220, 221, 222, 224, 225, 226, 227, 228], "summary": {"covered_lines": 21, "num_statements": 22, "percent_covered": 95.45454545454545, "percent_covered_display": "95", "missing_lines": 1, "excluded_lines": 0, "percent_statements_covered": 95.45454545454545, "percent_statements_covered_display": "95"}, "missing_lines": [199], "excluded_lines": [], "start_line": 190}, "PrecomputedClusterer": {"executed_lines": [241, 242, 243, 244, 245, 252, 255, 256, 257, 258, 259, 260], "summary": {"covered_lines": 12, "num_statements": 12, "percent_covered": 100.0, "percent_covered_display": "100", "missing_lines": 0, "excluded_lines": 0, "percent_statements_covered": 100.0, "percent_statements_covered_display": "100"}, "missing_lines": [], "excluded_lines": [], "start_line": 231}, "KMeansClusterer": {"executed_lines": [273, 274, 275, 276, 285, 287, 289, 290, 291, 292, 293, 294, 295, 296, 297, 298, 299, 300, 301, 306, 307, 308, 309, 310, 311], "summary": {"covered_lines": 25, "num_statements": 26, "percent_covered": 96.15384615384616, "percent_covered_display": "96", "missing_lines": 1, "excluded_lines": 0, "percent_statements_covered": 96.15384615384616, "percent_statements_covered_display": "96"}, "missing_lines": [288], "excluded_lines": [], "start_line": 263}, "PLSCANClusterer": {"executed_lines": [416, 417, 418, 419, 420, 421, 422, 423, 424, 425, 426, 427, 428, 429, 430, 439, 441, 442, 443, 444, 446, 447, 448, 449, 450, 451, 452, 453, 454, 456, 457, 458, 460, 461, 462, 463, 468, 470, 471, 472, 473, 474, 475, 476, 477, 480, 483, 484, 485], "summary": {"covered_lines": 49, "num_statements": 53, "percent_covered": 92.45283018867924, "percent_covered_display": "92", "missing_lines": 4, "excluded_lines": 0, "percent_statements_covered": 92.45283018867924, "percent_statements_covered_display": "92"}, "missing_lines": [440, 445, 459, 469], "excluded_lines": [], "start_line": 323}, "EVoCClusterer": {"executed_lines": [623, 624, 625, 626, 627, 628, 629, 630, 631, 632, 633, 634, 635, 636, 637, 638, 639, 640, 643, 644, 645, 646, 647, 648, 649, 650, 651, 652, 653, 654, 655, 656, 657, 658, 660, 662, 663, 664, 665, 667, 669, 671, 672, 673, 674], "summary": {"covered_lines": 45, "num_statements": 45, "percent_covered": 100.0, "percent_covered_display": "100", "missing_lines": 0, "excluded_lines": 0, "percent_statements_covered": 100.0, "percent_statements_covered_display": "100"}, "missing_lines": [], "excluded_lines": [], "start_line": 488}, "ToponymyClusterer": {"executed_lines": [681, 686], "summary": {"covered_lines": 2, "num_statements": 2, "percent_covered": 100.0, "percent_covered_display": "100", "missing_lines": 0, "excluded_lines": 0, "percent_statements_covered": 100.0, "percent_statements_covered_display": "100"}, "missing_lines": [], "excluded_lines": [], "start_line": 677}, "": {"executed_lines": [3, 4, 5, 6, 8, 9, 10, 11, 13, 20, 23, 24, 25, 26, 27, 28, 29, 32, 33, 34, 35, 36, 44, 45, 48, 50, 51, 54, 55, 59, 62, 65, 72, 73, 76, 83, 84, 87, 95, 96, 97, 98, 99, 100, 101, 102, 103, 104, 105, 106, 107, 108, 109, 110, 111, 112, 113, 114, 117, 123, 124, 125, 129, 130, 131, 132, 137, 139, 140, 141, 142, 143, 145, 146, 147, 148, 149, 150, 151, 152, 153, 154, 155, 156, 157, 158, 159, 160, 161, 164, 165, 166, 169, 171, 172, 173, 174, 175, 177, 178, 179, 180, 181, 182, 183, 184, 185, 186, 187, 190, 193, 194, 197, 203, 208, 211, 231, 240, 251, 254, 263, 270, 278, 314, 315, 316, 318, 319, 320, 323, 399, 432, 488, 603, 642, 677, 680], "summary": {"covered_lines": 137, "num_statements": 138, "percent_covered": 99.27536231884058, "percent_covered_display": "99", "missing_lines": 1, "excluded_lines": 0, "percent_statements_covered": 99.27536231884058, "percent_statements_covered_display": "99"}, "missing_lines": [317], "excluded_lines": [], "start_line": 1}}}, "toponymy/debug_logging.py": {"executed_lines": [1, 2, 3, 4, 7, 24, 31, 32, 33, 35, 36, 37, 39, 40, 42, 43, 45, 46, 48, 49, 50, 51, 56, 58, 60, 62, 63, 64, 65, 78, 79, 80, 81, 82], "summary": {"covered_lines": 34, "num_statements": 36, "percent_covered": 94.44444444444444, "percent_covered_display": "94", "missing_lines": 2, "excluded_lines": 0, "percent_statements_covered": 94.44444444444444, "percent_statements_covered_display": "94"}, "missing_lines": [66, 67], "excluded_lines": [], "functions": {"BasicDebugLogger.__init__": {"executed_lines": [31, 32, 33], "summary": {"covered_lines": 3, "num_statements": 3, "percent_covered": 100.0, "percent_covered_display": "100", "missing_lines": 0, "excluded_lines": 0, "percent_statements_covered": 100.0, "percent_statements_covered_display": "100"}, "missing_lines": [], "excluded_lines": [], "start_line": 24}, "BasicDebugLogger._truncate": {"executed_lines": [36, 37, 39, 40, 42, 43], "summary": {"covered_lines": 6, "num_statements": 6, "percent_covered": 100.0, "percent_covered_display": "100", "missing_lines": 0, "excluded_lines": 0, "percent_statements_covered": 100.0, "percent_statements_covered_display": "100"}, "missing_lines": [], "excluded_lines": [], "start_line": 35}, "BasicDebugLogger._process": {"executed_lines": [46, 48, 49, 50, 51, 56, 58, 60], "summary": {"covered_lines": 8, "num_statements": 8, "percent_covered": 100.0, "percent_covered_display": "100", "missing_lines": 0, "excluded_lines": 0, "percent_statements_covered": 100.0, "percent_statements_covered_display": "100"}, "missing_lines": [], "excluded_lines": [], "start_line": 45}, "BasicDebugLogger.__call__": {"executed_lines": [63, 64, 65, 78, 79, 80, 81, 82], "summary": {"covered_lines": 8, "num_statements": 10, "percent_covered": 80.0, "percent_covered_display": "80", "missing_lines": 2, "excluded_lines": 0, "percent_statements_covered": 80.0, "percent_statements_covered_display": "80"}, "missing_lines": [66, 67], "excluded_lines": [], "start_line": 62}, "": {"executed_lines": [1, 2, 3, 4, 7, 24, 35, 45, 62], "summary": {"covered_lines": 9, "num_statements": 9, "percent_covered": 100.0, "percent_covered_display": "100", "missing_lines": 0, "excluded_lines": 0, "percent_statements_covered": 100.0, "percent_statements_covered_display": "100"}, "missing_lines": [], "excluded_lines": [], "start_line": 1}}, "classes": {"BasicDebugLogger": {"executed_lines": [31, 32, 33, 36, 37, 39, 40, 42, 43, 46, 48, 49, 50, 51, 56, 58, 60, 63, 64, 65, 78, 79, 80, 81, 82], "summary": {"covered_lines": 25, "num_statements": 27, "percent_covered": 92.5925925925926, "percent_covered_display": "93", "missing_lines": 2, "excluded_lines": 0, "percent_statements_covered": 92.5925925925926, "percent_statements_covered_display": "93"}, "missing_lines": [66, 67], "excluded_lines": [], "start_line": 7}, "": {"executed_lines": [1, 2, 3, 4, 7, 24, 35, 45, 62], "summary": {"covered_lines": 9, "num_statements": 9, "percent_covered": 100.0, "percent_covered_display": "100", "missing_lines": 0, "excluded_lines": 0, "percent_statements_covered": 100.0, "percent_statements_covered_display": "100"}, "missing_lines": [], "excluded_lines": [], "start_line": 1}}}, "toponymy/embedding_wrappers.py": {"executed_lines": [1, 2, 3, 4, 7, 8, 9, 12, 13, 14, 22, 25, 26, 27, 28, 29, 32, 38, 41, 46, 47, 48, 52, 53, 55, 56, 63, 66, 67, 68, 69, 70, 71, 72, 73, 74, 75, 76, 78, 82, 88, 89, 94, 100, 106, 112, 113, 115, 117, 124, 125, 126, 127, 128, 130, 134, 138, 144, 145, 150, 153, 157, 163, 166, 173, 180, 181, 182, 184, 185, 188, 189, 191, 196, 197, 200, 201, 202, 207, 209, 213, 215, 219, 225, 227, 232, 233, 235, 241, 242, 244, 245, 246, 247, 248, 250, 254, 260, 261, 266, 269, 273, 279, 280, 282, 283, 284, 285, 286, 287, 288, 293, 297, 303, 304, 309, 319, 320, 321, 323, 328, 329, 349, 350], "summary": {"covered_lines": 124, "num_statements": 145, "percent_covered": 85.51724137931035, "percent_covered_display": "86", "missing_lines": 21, "excluded_lines": 0, "percent_statements_covered": 85.51724137931035, "percent_statements_covered_display": "86"}, "missing_lines": [21, 108, 109, 159, 160, 190, 192, 237, 238, 275, 276, 325, 326, 331, 332, 333, 335, 339, 345, 346, 347], "excluded_lines": [], "functions": {"_embedding_matrix": {"executed_lines": [13, 14, 22], "summary": {"covered_lines": 3, "num_statements": 4, "percent_covered": 75.0, "percent_covered_display": "75", "missing_lines": 1, "excluded_lines": 0, "percent_statements_covered": 75.0, "percent_statements_covered_display": "75"}, "missing_lines": [21], "excluded_lines": [], "start_line": 12}, "_ordered_embeddings": {"executed_lines": [26, 27, 28, 29, 32, 38, 41, 46, 47, 48], "summary": {"covered_lines": 10, "num_statements": 10, "percent_covered": 100.0, "percent_covered_display": "100", "missing_lines": 0, "excluded_lines": 0, "percent_statements_covered": 100.0, "percent_statements_covered_display": "100"}, "missing_lines": [], "excluded_lines": [], "start_line": 25}, "CohereEmbedder.__init__": {"executed_lines": [63, 66, 67, 68, 69, 70, 71, 72, 73, 74, 75, 76], "summary": {"covered_lines": 12, "num_statements": 12, "percent_covered": 100.0, "percent_covered_display": "100", "missing_lines": 0, "excluded_lines": 0, "percent_statements_covered": 100.0, "percent_statements_covered_display": "100"}, "missing_lines": [], "excluded_lines": [], "start_line": 56}, "CohereEmbedder.encode": {"executed_lines": [82, 88, 89, 94, 100, 106], "summary": {"covered_lines": 6, "num_statements": 6, "percent_covered": 100.0, "percent_covered_display": "100", "missing_lines": 0, "excluded_lines": 0, "percent_statements_covered": 100.0, "percent_statements_covered_display": "100"}, "missing_lines": [], "excluded_lines": [], "start_line": 78}, "OpenAIEmbedder.__init__": {"executed_lines": [124, 125, 126, 127, 128, 130], "summary": {"covered_lines": 6, "num_statements": 6, "percent_covered": 100.0, "percent_covered_display": "100", "missing_lines": 0, "excluded_lines": 0, "percent_statements_covered": 100.0, "percent_statements_covered_display": "100"}, "missing_lines": [], "excluded_lines": [], "start_line": 117}, "OpenAIEmbedder.encode": {"executed_lines": [138, 144, 145, 150, 153, 157], "summary": {"covered_lines": 6, "num_statements": 6, "percent_covered": 100.0, "percent_covered_display": "100", "missing_lines": 0, "excluded_lines": 0, "percent_statements_covered": 100.0, "percent_statements_covered_display": "100"}, "missing_lines": [], "excluded_lines": [], "start_line": 134}, "AnthropicEmbedder.__init__": {"executed_lines": [173], "summary": {"covered_lines": 1, "num_statements": 1, "percent_covered": 100.0, "percent_covered_display": "100", "missing_lines": 0, "excluded_lines": 0, "percent_statements_covered": 100.0, "percent_statements_covered_display": "100"}, "missing_lines": [], "excluded_lines": [], "start_line": 166}, "AzureAIEmbedder.__init__": {"executed_lines": [188, 189, 191, 196, 197, 200, 201, 202], "summary": {"covered_lines": 8, "num_statements": 10, "percent_covered": 80.0, "percent_covered_display": "80", "missing_lines": 2, "excluded_lines": 0, "percent_statements_covered": 80.0, "percent_statements_covered_display": "80"}, "missing_lines": [190, 192], "excluded_lines": [], "start_line": 185}, "AzureAIEmbedder._encode_batch": {"executed_lines": [209, 213], "summary": {"covered_lines": 2, "num_statements": 2, "percent_covered": 100.0, "percent_covered_display": "100", "missing_lines": 0, "excluded_lines": 0, "percent_statements_covered": 100.0, "percent_statements_covered_display": "100"}, "missing_lines": [], "excluded_lines": [], "start_line": 207}, "AzureAIEmbedder.encode": {"executed_lines": [219, 225, 227, 232, 233, 235], "summary": {"covered_lines": 6, "num_statements": 6, "percent_covered": 100.0, "percent_covered_display": "100", "missing_lines": 0, "excluded_lines": 0, "percent_statements_covered": 100.0, "percent_statements_covered_display": "100"}, "missing_lines": [], "excluded_lines": [], "start_line": 215}, "MistralEmbedder.__init__": {"executed_lines": [246, 247, 248], "summary": {"covered_lines": 3, "num_statements": 3, "percent_covered": 100.0, "percent_covered_display": "100", "missing_lines": 0, "excluded_lines": 0, "percent_statements_covered": 100.0, "percent_statements_covered_display": "100"}, "missing_lines": [], "excluded_lines": [], "start_line": 245}, "MistralEmbedder.encode": {"executed_lines": [254, 260, 261, 266, 269, 273], "summary": {"covered_lines": 6, "num_statements": 6, "percent_covered": 100.0, "percent_covered_display": "100", "missing_lines": 0, "excluded_lines": 0, "percent_statements_covered": 100.0, "percent_statements_covered_display": "100"}, "missing_lines": [], "excluded_lines": [], "start_line": 250}, "VoyageAIEmbedder.__init__": {"executed_lines": [284, 285, 286, 287, 288], "summary": {"covered_lines": 5, "num_statements": 5, "percent_covered": 100.0, "percent_covered_display": "100", "missing_lines": 0, "excluded_lines": 0, "percent_statements_covered": 100.0, "percent_statements_covered_display": "100"}, "missing_lines": [], "excluded_lines": [], "start_line": 283}, "VoyageAIEmbedder.encode": {"executed_lines": [297, 303, 304, 309, 319, 320, 321, 323], "summary": {"covered_lines": 8, "num_statements": 8, "percent_covered": 100.0, "percent_covered_display": "100", "missing_lines": 0, "excluded_lines": 0, "percent_statements_covered": 100.0, "percent_statements_covered_display": "100"}, "missing_lines": [], "excluded_lines": [], "start_line": 293}, "VLLMEmbedder.__init__": {"executed_lines": [], "summary": {"covered_lines": 0, "num_statements": 1, "percent_covered": 0.0, "percent_covered_display": "0", "missing_lines": 1, "excluded_lines": 0, "percent_statements_covered": 0.0, "percent_statements_covered_display": "0"}, "missing_lines": [333], "excluded_lines": [], "start_line": 332}, "VLLMEmbedder.encode": {"executed_lines": [], "summary": {"covered_lines": 0, "num_statements": 4, "percent_covered": 0.0, "percent_covered_display": "0", "missing_lines": 4, "excluded_lines": 0, "percent_statements_covered": 0.0, "percent_statements_covered_display": "0"}, "missing_lines": [339, 345, 346, 347], "excluded_lines": [], "start_line": 335}, "": {"executed_lines": [1, 2, 3, 4, 7, 8, 9, 12, 25, 52, 53, 55, 56, 78, 112, 113, 115, 117, 134, 163, 166, 180, 181, 182, 184, 185, 207, 215, 241, 242, 244, 245, 250, 279, 280, 282, 283, 293, 328, 329, 349, 350], "summary": {"covered_lines": 42, "num_statements": 55, "percent_covered": 76.36363636363636, "percent_covered_display": "76", "missing_lines": 13, "excluded_lines": 0, "percent_statements_covered": 76.36363636363636, "percent_statements_covered_display": "76"}, "missing_lines": [108, 109, 159, 160, 237, 238, 275, 276, 325, 326, 331, 332, 335], "excluded_lines": [], "start_line": 1}}, "classes": {"CohereEmbedder": {"executed_lines": [63, 66, 67, 68, 69, 70, 71, 72, 73, 74, 75, 76, 82, 88, 89, 94, 100, 106], "summary": {"covered_lines": 18, "num_statements": 18, "percent_covered": 100.0, "percent_covered_display": "100", "missing_lines": 0, "excluded_lines": 0, "percent_statements_covered": 100.0, "percent_statements_covered_display": "100"}, "missing_lines": [], "excluded_lines": [], "start_line": 55}, "OpenAIEmbedder": {"executed_lines": [124, 125, 126, 127, 128, 130, 138, 144, 145, 150, 153, 157], "summary": {"covered_lines": 12, "num_statements": 12, "percent_covered": 100.0, "percent_covered_display": "100", "missing_lines": 0, "excluded_lines": 0, "percent_statements_covered": 100.0, "percent_statements_covered_display": "100"}, "missing_lines": [], "excluded_lines": [], "start_line": 115}, "AnthropicEmbedder": {"executed_lines": [173], "summary": {"covered_lines": 1, "num_statements": 1, "percent_covered": 100.0, "percent_covered_display": "100", "missing_lines": 0, "excluded_lines": 0, "percent_statements_covered": 100.0, "percent_statements_covered_display": "100"}, "missing_lines": [], "excluded_lines": [], "start_line": 163}, "AzureAIEmbedder": {"executed_lines": [188, 189, 191, 196, 197, 200, 201, 202, 209, 213, 219, 225, 227, 232, 233, 235], "summary": {"covered_lines": 16, "num_statements": 18, "percent_covered": 88.88888888888889, "percent_covered_display": "89", "missing_lines": 2, "excluded_lines": 0, "percent_statements_covered": 88.88888888888889, "percent_statements_covered_display": "89"}, "missing_lines": [190, 192], "excluded_lines": [], "start_line": 184}, "MistralEmbedder": {"executed_lines": [246, 247, 248, 254, 260, 261, 266, 269, 273], "summary": {"covered_lines": 9, "num_statements": 9, "percent_covered": 100.0, "percent_covered_display": "100", "missing_lines": 0, "excluded_lines": 0, "percent_statements_covered": 100.0, "percent_statements_covered_display": "100"}, "missing_lines": [], "excluded_lines": [], "start_line": 244}, "VoyageAIEmbedder": {"executed_lines": [284, 285, 286, 287, 288, 297, 303, 304, 309, 319, 320, 321, 323], "summary": {"covered_lines": 13, "num_statements": 13, "percent_covered": 100.0, "percent_covered_display": "100", "missing_lines": 0, "excluded_lines": 0, "percent_statements_covered": 100.0, "percent_statements_covered_display": "100"}, "missing_lines": [], "excluded_lines": [], "start_line": 282}, "VLLMEmbedder": {"executed_lines": [], "summary": {"covered_lines": 0, "num_statements": 5, "percent_covered": 0.0, "percent_covered_display": "0", "missing_lines": 5, "excluded_lines": 0, "percent_statements_covered": 0.0, "percent_statements_covered_display": "0"}, "missing_lines": [333, 339, 345, 346, 347], "excluded_lines": [], "start_line": 331}, "": {"executed_lines": [1, 2, 3, 4, 7, 8, 9, 12, 13, 14, 22, 25, 26, 27, 28, 29, 32, 38, 41, 46, 47, 48, 52, 53, 55, 56, 78, 112, 113, 115, 117, 134, 163, 166, 180, 181, 182, 184, 185, 207, 215, 241, 242, 244, 245, 250, 279, 280, 282, 283, 293, 328, 329, 349, 350], "summary": {"covered_lines": 55, "num_statements": 69, "percent_covered": 79.71014492753623, "percent_covered_display": "80", "missing_lines": 14, "excluded_lines": 0, "percent_statements_covered": 79.71014492753623, "percent_statements_covered_display": "80"}, "missing_lines": [21, 108, 109, 159, 160, 237, 238, 275, 276, 325, 326, 331, 332, 335], "excluded_lines": [], "start_line": 1}}}, "toponymy/evaluation.py": {"executed_lines": [10, 11, 12, 13, 14, 16, 18, 19, 20, 23, 24, 27, 28, 31, 32, 33, 34, 35, 36, 38, 39, 40, 43, 44, 45, 46, 47, 49, 50, 51, 54, 55, 56, 57, 58, 60, 61, 62, 64, 65, 66, 68, 69, 70, 71, 74, 75, 76, 77, 78, 79, 80, 81, 82, 85, 86, 87, 88, 89, 90, 91, 92, 93, 95, 96, 97, 100, 101, 102, 103, 104, 107, 108, 109, 110, 111, 112, 113, 114, 115, 116, 119, 120, 131, 132, 133, 135, 136, 154, 155, 156, 157, 158, 159, 160, 161, 168, 169, 170, 171, 181, 184, 185, 189, 190, 191, 192, 193, 194, 195, 196, 197, 198, 199, 200, 201, 202, 204, 205, 210, 211, 212, 213, 214, 215, 216, 217, 218, 219, 222, 226, 227, 228, 229, 230, 231, 232, 233, 234, 240, 241, 242, 243, 244, 247, 248, 249, 253, 256, 260, 273, 274, 275, 276, 277, 278, 281, 282, 283, 284, 285, 286, 287, 292, 295, 298, 299, 302, 303, 305, 319, 320, 321, 327, 328, 329, 330, 331, 332, 333, 334, 336, 337, 342, 343, 345, 346, 351, 352, 353, 354, 355, 361, 362, 363, 364, 365, 366, 367, 368, 370, 371, 375], "summary": {"covered_lines": 203, "num_statements": 203, "percent_covered": 100.0, "percent_covered_display": "100", "missing_lines": 0, "excluded_lines": 0, "percent_statements_covered": 100.0, "percent_statements_covered_display": "100"}, "missing_lines": [], "excluded_lines": [], "functions": {"LineupTrial.target_position": {"executed_lines": [40], "summary": {"covered_lines": 1, "num_statements": 1, "percent_covered": 100.0, "percent_covered_display": "100", "missing_lines": 0, "excluded_lines": 0, "percent_statements_covered": 100.0, "percent_statements_covered_display": "100"}, "missing_lines": [], "excluded_lines": [], "start_line": 39}, "LineupJudgment.tied": {"executed_lines": [51], "summary": {"covered_lines": 1, "num_statements": 1, "percent_covered": 100.0, "percent_covered_display": "100", "missing_lines": 0, "excluded_lines": 0, "percent_statements_covered": 100.0, "percent_statements_covered_display": "100"}, "missing_lines": [], "excluded_lines": [], "start_line": 50}, "LineupScores.call_count": {"executed_lines": [62], "summary": {"covered_lines": 1, "num_statements": 1, "percent_covered": 100.0, "percent_covered_display": "100", "missing_lines": 0, "excluded_lines": 0, "percent_statements_covered": 100.0, "percent_statements_covered_display": "100"}, "missing_lines": [], "excluded_lines": [], "start_line": 61}, "LineupScores.tie_count": {"executed_lines": [66], "summary": {"covered_lines": 1, "num_statements": 1, "percent_covered": 100.0, "percent_covered_display": "100", "missing_lines": 0, "excluded_lines": 0, "percent_statements_covered": 100.0, "percent_statements_covered_display": "100"}, "missing_lines": [], "excluded_lines": [], "start_line": 65}, "LineupScores.accuracy": {"executed_lines": [70, 71], "summary": {"covered_lines": 2, "num_statements": 2, "percent_covered": 100.0, "percent_covered_display": "100", "missing_lines": 0, "excluded_lines": 0, "percent_statements_covered": 100.0, "percent_statements_covered_display": "100"}, "missing_lines": [], "excluded_lines": [], "start_line": 69}, "LineupComparison.band": {"executed_lines": [97], "summary": {"covered_lines": 1, "num_statements": 1, "percent_covered": 100.0, "percent_covered_display": "100", "missing_lines": 0, "excluded_lines": 0, "percent_statements_covered": 100.0, "percent_statements_covered_display": "100"}, "missing_lines": [], "excluded_lines": [], "start_line": 96}, "_positive_integer": {"executed_lines": [101, 102, 103, 104], "summary": {"covered_lines": 4, "num_statements": 4, "percent_covered": 100.0, "percent_covered_display": "100", "missing_lines": 0, "excluded_lines": 0, "percent_statements_covered": 100.0, "percent_statements_covered_display": "100"}, "missing_lines": [], "excluded_lines": [], "start_line": 100}, "_indices": {"executed_lines": [108, 109, 110, 111, 112, 113, 114, 115, 116], "summary": {"covered_lines": 9, "num_statements": 9, "percent_covered": 100.0, "percent_covered_display": "100", "missing_lines": 0, "excluded_lines": 0, "percent_statements_covered": 100.0, "percent_statements_covered_display": "100"}, "missing_lines": [], "excluded_lines": [], "start_line": 107}, "WayfindingLineup.from_topic_model": {"executed_lines": [154, 155, 156, 157, 158, 159, 160, 161, 168, 169, 170, 171, 181, 184, 185, 189, 190, 191, 192, 193, 194, 195, 196, 197, 198, 199, 200, 201, 202, 204, 205, 210, 211, 212, 213, 214, 215, 216, 217, 218, 219, 222, 226, 227, 228, 229, 230, 231, 232, 233, 234, 240, 241, 242, 243, 244, 247, 248, 249, 253, 256], "summary": {"covered_lines": 61, "num_statements": 61, "percent_covered": 100.0, "percent_covered_display": "100", "missing_lines": 0, "excluded_lines": 0, "percent_statements_covered": 100.0, "percent_statements_covered_display": "100"}, "missing_lines": [], "excluded_lines": [], "start_line": 136}, "WayfindingLineup.score": {"executed_lines": [273, 274, 275, 276, 277, 278, 281, 282, 283, 284, 285, 286, 287, 292, 295, 298, 299, 302, 303], "summary": {"covered_lines": 19, "num_statements": 19, "percent_covered": 100.0, "percent_covered_display": "100", "missing_lines": 0, "excluded_lines": 0, "percent_statements_covered": 100.0, "percent_statements_covered_display": "100"}, "missing_lines": [], "excluded_lines": [], "start_line": 260}, "WayfindingLineup.compare": {"executed_lines": [319, 320, 321, 327, 328, 329, 330, 331, 332, 333, 334, 336, 375], "summary": {"covered_lines": 13, "num_statements": 13, "percent_covered": 100.0, "percent_covered_display": "100", "missing_lines": 0, "excluded_lines": 0, "percent_statements_covered": 100.0, "percent_statements_covered_display": "100"}, "missing_lines": [], "excluded_lines": [], "start_line": 305}, "WayfindingLineup.compare.summarize": {"executed_lines": [337, 342, 343, 345, 351, 352, 353, 354, 355, 361, 362, 363, 364, 365, 366, 367, 368, 370, 371], "summary": {"covered_lines": 19, "num_statements": 19, "percent_covered": 100.0, "percent_covered_display": "100", "missing_lines": 0, "excluded_lines": 0, "percent_statements_covered": 100.0, "percent_statements_covered_display": "100"}, "missing_lines": [], "excluded_lines": [], "start_line": 336}, "WayfindingLineup.compare.summarize.run_means": {"executed_lines": [346], "summary": {"covered_lines": 1, "num_statements": 1, "percent_covered": 100.0, "percent_covered_display": "100", "missing_lines": 0, "excluded_lines": 0, "percent_statements_covered": 100.0, "percent_statements_covered_display": "100"}, "missing_lines": [], "excluded_lines": [], "start_line": 345}, "": {"executed_lines": [10, 11, 12, 13, 14, 16, 18, 19, 20, 23, 24, 27, 28, 31, 32, 33, 34, 35, 36, 38, 39, 43, 44, 45, 46, 47, 49, 50, 54, 55, 56, 57, 58, 60, 61, 64, 65, 68, 69, 74, 75, 76, 77, 78, 79, 80, 81, 82, 85, 86, 87, 88, 89, 90, 91, 92, 93, 95, 96, 100, 107, 119, 120, 131, 132, 133, 135, 136, 260, 305], "summary": {"covered_lines": 70, "num_statements": 70, "percent_covered": 100.0, "percent_covered_display": "100", "missing_lines": 0, "excluded_lines": 0, "percent_statements_covered": 100.0, "percent_statements_covered_display": "100"}, "missing_lines": [], "excluded_lines": [], "start_line": 1}}, "classes": {"_Topic": {"executed_lines": [], "summary": {"covered_lines": 0, "num_statements": 0, "percent_covered": 100.0, "percent_covered_display": "100", "missing_lines": 0, "excluded_lines": 0, "percent_statements_covered": 100.0, "percent_statements_covered_display": "100"}, "missing_lines": [], "excluded_lines": [], "start_line": 23}, "_TopicModel": {"executed_lines": [], "summary": {"covered_lines": 0, "num_statements": 0, "percent_covered": 100.0, "percent_covered_display": "100", "missing_lines": 0, "excluded_lines": 0, "percent_statements_covered": 100.0, "percent_statements_covered_display": "100"}, "missing_lines": [], "excluded_lines": [], "start_line": 27}, "LineupTrial": {"executed_lines": [40], "summary": {"covered_lines": 1, "num_statements": 1, "percent_covered": 100.0, "percent_covered_display": "100", "missing_lines": 0, "excluded_lines": 0, "percent_statements_covered": 100.0, "percent_statements_covered_display": "100"}, "missing_lines": [], "excluded_lines": [], "start_line": 32}, "LineupJudgment": {"executed_lines": [51], "summary": {"covered_lines": 1, "num_statements": 1, "percent_covered": 100.0, "percent_covered_display": "100", "missing_lines": 0, "excluded_lines": 0, "percent_statements_covered": 100.0, "percent_statements_covered_display": "100"}, "missing_lines": [], "excluded_lines": [], "start_line": 44}, "LineupScores": {"executed_lines": [62, 66, 70, 71], "summary": {"covered_lines": 4, "num_statements": 4, "percent_covered": 100.0, "percent_covered_display": "100", "missing_lines": 0, "excluded_lines": 0, "percent_statements_covered": 100.0, "percent_statements_covered_display": "100"}, "missing_lines": [], "excluded_lines": [], "start_line": 55}, "PairedResult": {"executed_lines": [], "summary": {"covered_lines": 0, "num_statements": 0, "percent_covered": 100.0, "percent_covered_display": "100", "missing_lines": 0, "excluded_lines": 0, "percent_statements_covered": 100.0, "percent_statements_covered_display": "100"}, "missing_lines": [], "excluded_lines": [], "start_line": 75}, "LineupComparison": {"executed_lines": [97], "summary": {"covered_lines": 1, "num_statements": 1, "percent_covered": 100.0, "percent_covered_display": "100", "missing_lines": 0, "excluded_lines": 0, "percent_statements_covered": 100.0, "percent_statements_covered_display": "100"}, "missing_lines": [], "excluded_lines": [], "start_line": 86}, "WayfindingLineup": {"executed_lines": [154, 155, 156, 157, 158, 159, 160, 161, 168, 169, 170, 171, 181, 184, 185, 189, 190, 191, 192, 193, 194, 195, 196, 197, 198, 199, 200, 201, 202, 204, 205, 210, 211, 212, 213, 214, 215, 216, 217, 218, 219, 222, 226, 227, 228, 229, 230, 231, 232, 233, 234, 240, 241, 242, 243, 244, 247, 248, 249, 253, 256, 273, 274, 275, 276, 277, 278, 281, 282, 283, 284, 285, 286, 287, 292, 295, 298, 299, 302, 303, 319, 320, 321, 327, 328, 329, 330, 331, 332, 333, 334, 336, 337, 342, 343, 345, 346, 351, 352, 353, 354, 355, 361, 362, 363, 364, 365, 366, 367, 368, 370, 371, 375], "summary": {"covered_lines": 113, "num_statements": 113, "percent_covered": 100.0, "percent_covered_display": "100", "missing_lines": 0, "excluded_lines": 0, "percent_statements_covered": 100.0, "percent_statements_covered_display": "100"}, "missing_lines": [], "excluded_lines": [], "start_line": 120}, "": {"executed_lines": [10, 11, 12, 13, 14, 16, 18, 19, 20, 23, 24, 27, 28, 31, 32, 33, 34, 35, 36, 38, 39, 43, 44, 45, 46, 47, 49, 50, 54, 55, 56, 57, 58, 60, 61, 64, 65, 68, 69, 74, 75, 76, 77, 78, 79, 80, 81, 82, 85, 86, 87, 88, 89, 90, 91, 92, 93, 95, 96, 100, 101, 102, 103, 104, 107, 108, 109, 110, 111, 112, 113, 114, 115, 116, 119, 120, 131, 132, 133, 135, 136, 260, 305], "summary": {"covered_lines": 83, "num_statements": 83, "percent_covered": 100.0, "percent_covered_display": "100", "missing_lines": 0, "excluded_lines": 0, "percent_statements_covered": 100.0, "percent_statements_covered_display": "100"}, "missing_lines": [], "excluded_lines": [], "start_line": 1}}}, "toponymy/exemplar_texts.py": {"executed_lines": [1, 2, 3, 4, 5, 6, 7, 15, 17, 24, 26, 30, 36, 37, 38, 39, 40, 43, 44, 56, 187, 202, 216, 261, 280, 284, 285, 287, 288, 290, 291, 292, 293, 294, 296, 298, 299, 301, 303, 304, 305, 306, 307, 316, 317, 319, 321, 323, 324, 328, 329, 331, 336, 344, 387, 388, 390, 391, 393, 394, 395, 396, 399, 400, 404, 409, 413, 422, 424, 432, 435, 438, 439, 440, 441, 443, 446, 448, 449, 453, 455, 456, 458, 463, 465, 466, 468, 471, 505, 509, 510, 511, 512, 521, 524, 527, 530, 531, 532, 533, 536, 537, 538, 540, 545, 547, 548, 550, 553, 596, 600, 601, 604, 606, 608, 609, 610, 612, 622, 625, 628, 631, 632, 633, 634, 636, 637, 640, 641, 643, 647, 648, 649, 656, 657, 660, 664, 672, 673, 675, 680, 684, 685, 687], "summary": {"covered_lines": 144, "num_statements": 166, "percent_covered": 86.74698795180723, "percent_covered_display": "87", "missing_lines": 22, "excluded_lines": 0, "percent_statements_covered": 86.74698795180723, "percent_statements_covered_display": "87"}, "missing_lines": [45, 46, 48, 49, 51, 52, 53, 262, 266, 267, 268, 269, 270, 271, 278, 289, 389, 425, 428, 602, 605, 651], "excluded_lines": [], "functions": {"calculate_gains_": {"executed_lines": [38, 39, 40], "summary": {"covered_lines": 3, "num_statements": 3, "percent_covered": 100.0, "percent_covered_display": "100", "missing_lines": 0, "excluded_lines": 0, "percent_statements_covered": 100.0, "percent_statements_covered_display": "100"}, "missing_lines": [], "excluded_lines": [], "start_line": 37}, "calculate_gains_sparse_": {"executed_lines": [], "summary": {"covered_lines": 0, "num_statements": 7, "percent_covered": 0.0, "percent_covered_display": "0", "missing_lines": 7, "excluded_lines": 0, "percent_statements_covered": 0.0, "percent_statements_covered_display": "0"}, "missing_lines": [45, 46, 48, 49, 51, 52, 53], "excluded_lines": [], "start_line": 44}, "FacilityLocationSelection.__init__": {"executed_lines": [202], "summary": {"covered_lines": 1, "num_statements": 1, "percent_covered": 100.0, "percent_covered_display": "100", "missing_lines": 0, "excluded_lines": 0, "percent_statements_covered": 100.0, "percent_statements_covered_display": "100"}, "missing_lines": [], "excluded_lines": [], "start_line": 187}, "FacilityLocationSelection.fit": {"executed_lines": [261, 280], "summary": {"covered_lines": 2, "num_statements": 10, "percent_covered": 20.0, "percent_covered_display": "20", "missing_lines": 8, "excluded_lines": 0, "percent_statements_covered": 20.0, "percent_statements_covered_display": "20"}, "missing_lines": [262, 266, 267, 268, 269, 270, 271, 278], "excluded_lines": [], "start_line": 216}, "FacilityLocationSelection._initialize": {"executed_lines": [285, 287, 288, 290, 291, 292, 293, 294, 296, 298, 299, 301], "summary": {"covered_lines": 12, "num_statements": 13, "percent_covered": 92.3076923076923, "percent_covered_display": "92", "missing_lines": 1, "excluded_lines": 0, "percent_statements_covered": 92.3076923076923, "percent_statements_covered_display": "92"}, "missing_lines": [289], "excluded_lines": [], "start_line": 284}, "FacilityLocationSelection._calculate_gains": {"executed_lines": [304, 305, 306, 307, 316, 317, 319], "summary": {"covered_lines": 7, "num_statements": 7, "percent_covered": 100.0, "percent_covered_display": "100", "missing_lines": 0, "excluded_lines": 0, "percent_statements_covered": 100.0, "percent_statements_covered_display": "100"}, "missing_lines": [], "excluded_lines": [], "start_line": 303}, "FacilityLocationSelection._select_next": {"executed_lines": [323, 324, 328, 329, 331], "summary": {"covered_lines": 5, "num_statements": 5, "percent_covered": 100.0, "percent_covered_display": "100", "missing_lines": 0, "excluded_lines": 0, "percent_statements_covered": 100.0, "percent_statements_covered_display": "100"}, "missing_lines": [], "excluded_lines": [], "start_line": 321}, "submodular_selection_exemplars": {"executed_lines": [387, 388, 390, 391, 393, 394, 395, 396, 399, 400, 404, 409, 413, 422, 424, 432, 435, 438, 439, 440, 441, 443, 446, 448, 449, 453, 455, 456, 458, 463, 465, 466, 468], "summary": {"covered_lines": 33, "num_statements": 36, "percent_covered": 91.66666666666667, "percent_covered_display": "92", "missing_lines": 3, "excluded_lines": 0, "percent_statements_covered": 91.66666666666667, "percent_statements_covered_display": "92"}, "missing_lines": [389, 425, 428], "excluded_lines": [], "start_line": 344}, "random_exemplars": {"executed_lines": [505, 509, 510, 511, 512, 521, 524, 527, 530, 531, 532, 533, 536, 537, 538, 540, 545, 547, 548, 550], "summary": {"covered_lines": 20, "num_statements": 20, "percent_covered": 100.0, "percent_covered_display": "100", "missing_lines": 0, "excluded_lines": 0, "percent_statements_covered": 100.0, "percent_statements_covered_display": "100"}, "missing_lines": [], "excluded_lines": [], "start_line": 471}, "diverse_exemplars": {"executed_lines": [596, 600, 601, 604, 606, 608, 609, 610, 612, 622, 625, 628, 631, 632, 633, 634, 636, 637, 640, 641, 643, 647, 648, 649, 656, 657, 660, 664, 672, 673, 675, 680, 684, 685, 687], "summary": {"covered_lines": 35, "num_statements": 38, "percent_covered": 92.10526315789474, "percent_covered_display": "92", "missing_lines": 3, "excluded_lines": 0, "percent_statements_covered": 92.10526315789474, "percent_statements_covered_display": "92"}, "missing_lines": [602, 605, 651], "excluded_lines": [], "start_line": 553}, "": {"executed_lines": [1, 2, 3, 4, 5, 6, 7, 15, 17, 24, 26, 30, 36, 37, 43, 44, 56, 187, 216, 284, 303, 321, 336, 344, 471, 553], "summary": {"covered_lines": 26, "num_statements": 26, "percent_covered": 100.0, "percent_covered_display": "100", "missing_lines": 0, "excluded_lines": 0, "percent_statements_covered": 100.0, "percent_statements_covered_display": "100"}, "missing_lines": [], "excluded_lines": [], "start_line": 1}}, "classes": {"FacilityLocationSelection": {"executed_lines": [202, 261, 280, 285, 287, 288, 290, 291, 292, 293, 294, 296, 298, 299, 301, 304, 305, 306, 307, 316, 317, 319, 323, 324, 328, 329, 331], "summary": {"covered_lines": 27, "num_statements": 36, "percent_covered": 75.0, "percent_covered_display": "75", "missing_lines": 9, "excluded_lines": 0, "percent_statements_covered": 75.0, "percent_statements_covered_display": "75"}, "missing_lines": [262, 266, 267, 268, 269, 270, 271, 278, 289], "excluded_lines": [], "start_line": 56}, "": {"executed_lines": [1, 2, 3, 4, 5, 6, 7, 15, 17, 24, 26, 30, 36, 37, 38, 39, 40, 43, 44, 56, 187, 216, 284, 303, 321, 336, 344, 387, 388, 390, 391, 393, 394, 395, 396, 399, 400, 404, 409, 413, 422, 424, 432, 435, 438, 439, 440, 441, 443, 446, 448, 449, 453, 455, 456, 458, 463, 465, 466, 468, 471, 505, 509, 510, 511, 512, 521, 524, 527, 530, 531, 532, 533, 536, 537, 538, 540, 545, 547, 548, 550, 553, 596, 600, 601, 604, 606, 608, 609, 610, 612, 622, 625, 628, 631, 632, 633, 634, 636, 637, 640, 641, 643, 647, 648, 649, 656, 657, 660, 664, 672, 673, 675, 680, 684, 685, 687], "summary": {"covered_lines": 117, "num_statements": 130, "percent_covered": 90.0, "percent_covered_display": "90", "missing_lines": 13, "excluded_lines": 0, "percent_statements_covered": 90.0, "percent_statements_covered_display": "90"}, "missing_lines": [45, 46, 48, 49, 51, 52, 53, 389, 425, 428, 602, 605, 651], "excluded_lines": [], "start_line": 1}}}, "toponymy/feature_extraction.py": {"executed_lines": [8, 9, 11, 12, 13, 14, 16, 19, 22, 23, 24, 27, 29, 30, 31, 33, 34, 36, 42, 44, 45, 48, 49, 50, 51, 53, 54, 55, 58, 59, 60, 61, 62, 67, 68, 69, 70, 71, 74, 75, 77, 78, 79, 80, 81, 83, 90, 91, 96, 97, 100, 103, 104, 111, 119, 120, 121, 122, 123, 125, 135, 141, 142, 143, 144, 145, 146, 147, 148, 149, 150, 151, 152, 153, 154, 155, 156, 157, 158, 159, 160, 161, 162, 163, 164, 167, 168, 175, 178, 179, 187, 188, 189, 190, 193, 200, 201, 210, 216, 217, 218, 220, 233, 235, 236, 237, 238, 239, 241, 242, 245, 246, 247, 248, 249, 250, 252, 253, 254, 264, 267, 268, 269, 273, 274, 275, 276, 278, 283, 284, 292, 294, 295, 297, 300, 307, 308, 313, 316, 317, 318, 319, 320, 322, 325, 334, 335, 336, 337, 338, 341, 355, 356, 357, 359, 367, 368, 369, 370, 372, 373, 374, 376, 377, 378, 379, 380, 388, 391, 393, 394, 395, 396, 397, 398, 400, 401, 402, 404, 405, 406, 407, 409, 410, 411, 412, 413, 415, 416, 417, 418, 421, 423, 426, 427, 428, 430, 431, 435, 436, 437, 438, 439, 441, 442, 449, 450, 452, 457, 458, 460, 461, 462, 467, 471, 472, 473, 476, 477, 481, 484, 485, 486, 487, 488, 489, 490, 495, 496, 499, 500, 501, 502, 504, 505, 506, 511, 512, 513, 514, 517, 518, 519, 521, 522, 527, 528, 531, 536, 537, 541, 542, 543, 544, 545, 546, 549, 561, 563, 572, 573, 574, 575, 576, 577, 579, 591, 592, 594, 595, 596, 597, 603, 604, 605, 606, 607, 608, 609], "summary": {"covered_lines": 279, "num_statements": 363, "percent_covered": 76.85950413223141, "percent_covered_display": "77", "missing_lines": 84, "excluded_lines": 0, "percent_statements_covered": 76.85950413223141, "percent_statements_covered_display": "77"}, "missing_lines": [76, 184, 240, 270, 289, 293, 296, 298, 299, 301, 302, 305, 321, 323, 387, 389, 429, 451, 459, 468, 520, 610, 611, 612, 613, 616, 617, 618, 619, 624, 625, 626, 629, 630, 632, 633, 634, 635, 636, 637, 638, 639, 640, 641, 643, 644, 645, 646, 647, 648, 649, 650, 651, 652, 653, 654, 655, 656, 657, 658, 659, 660, 665, 670, 671, 674, 681, 684, 685, 687, 688, 689, 690, 691, 692, 693, 696, 697, 698, 699, 700, 701, 702, 703], "excluded_lines": [], "functions": {"FeatureExtractorBase.features": {"executed_lines": [31], "summary": {"covered_lines": 1, "num_statements": 1, "percent_covered": 100.0, "percent_covered_display": "100", "missing_lines": 0, "excluded_lines": 0, "percent_statements_covered": 100.0, "percent_statements_covered_display": "100"}, "missing_lines": [], "excluded_lines": [], "start_line": 30}, "FeatureExtractorBase.__sklearn_is_fitted__": {"executed_lines": [34], "summary": {"covered_lines": 1, "num_statements": 1, "percent_covered": 100.0, "percent_covered_display": "100", "missing_lines": 0, "excluded_lines": 0, "percent_statements_covered": 100.0, "percent_statements_covered_display": "100"}, "missing_lines": [], "excluded_lines": [], "start_line": 33}, "FeatureExtractorBase.can_fit_from_objects": {"executed_lines": [42], "summary": {"covered_lines": 1, "num_statements": 1, "percent_covered": 100.0, "percent_covered_display": "100", "missing_lines": 0, "excluded_lines": 0, "percent_statements_covered": 100.0, "percent_statements_covered_display": "100"}, "missing_lines": [], "excluded_lines": [], "start_line": 36}, "FeatureExtractorBase.fit": {"executed_lines": [], "summary": {"covered_lines": 0, "num_statements": 0, "percent_covered": 100.0, "percent_covered_display": "100", "missing_lines": 0, "excluded_lines": 0, "percent_statements_covered": 100.0, "percent_statements_covered_display": "100"}, "missing_lines": [], "excluded_lines": [], "start_line": 45}, "FeatureExtractorBase.predict": {"executed_lines": [49, 50, 51], "summary": {"covered_lines": 3, "num_statements": 3, "percent_covered": 100.0, "percent_covered_display": "100", "missing_lines": 0, "excluded_lines": 0, "percent_statements_covered": 100.0, "percent_statements_covered_display": "100"}, "missing_lines": [], "excluded_lines": [], "start_line": 48}, "FeatureExtractorBase.fit_predict": {"executed_lines": [54, 55], "summary": {"covered_lines": 2, "num_statements": 2, "percent_covered": 100.0, "percent_covered_display": "100", "missing_lines": 0, "excluded_lines": 0, "percent_statements_covered": 100.0, "percent_statements_covered_display": "100"}, "missing_lines": [], "excluded_lines": [], "start_line": 53}, "_dense_labels": {"executed_lines": [59, 60, 61, 62, 67, 68, 69, 70, 71], "summary": {"covered_lines": 9, "num_statements": 9, "percent_covered": 100.0, "percent_covered_display": "100", "missing_lines": 0, "excluded_lines": 0, "percent_statements_covered": 100.0, "percent_statements_covered_display": "100"}, "missing_lines": [], "excluded_lines": [], "start_line": 58}, "_vectors": {"executed_lines": [75, 77, 78, 79, 80, 81, 83], "summary": {"covered_lines": 7, "num_statements": 8, "percent_covered": 87.5, "percent_covered_display": "88", "missing_lines": 1, "excluded_lines": 0, "percent_statements_covered": 87.5, "percent_statements_covered_display": "88"}, "missing_lines": [76], "excluded_lines": [], "start_line": 74}, "_positive_integer": {"executed_lines": [91, 96, 97], "summary": {"covered_lines": 3, "num_statements": 3, "percent_covered": 100.0, "percent_covered_display": "100", "missing_lines": 0, "excluded_lines": 0, "percent_statements_covered": 100.0, "percent_statements_covered_display": "100"}, "missing_lines": [], "excluded_lines": [], "start_line": 90}, "TextExemplarExtractor.__init__": {"executed_lines": [119, 120, 121, 122, 123], "summary": {"covered_lines": 5, "num_statements": 5, "percent_covered": 100.0, "percent_covered_display": "100", "missing_lines": 0, "excluded_lines": 0, "percent_statements_covered": 100.0, "percent_statements_covered_display": "100"}, "missing_lines": [], "excluded_lines": [], "start_line": 111}, "TextExemplarExtractor.fit": {"executed_lines": [135, 141, 142, 143, 144, 145, 146, 147, 148, 149, 150, 151, 152, 153, 154, 155, 156, 157, 158, 159, 160, 161, 162, 163, 164, 167, 168, 175, 178, 179, 187, 188, 189, 190], "summary": {"covered_lines": 34, "num_statements": 35, "percent_covered": 97.14285714285714, "percent_covered_display": "97", "missing_lines": 1, "excluded_lines": 0, "percent_statements_covered": 97.14285714285714, "percent_statements_covered_display": "97"}, "missing_lines": [184], "excluded_lines": [], "start_line": 125}, "TextKeyphraseExtractor.__init__": {"executed_lines": [216, 217, 218], "summary": {"covered_lines": 3, "num_statements": 3, "percent_covered": 100.0, "percent_covered_display": "100", "missing_lines": 0, "excluded_lines": 0, "percent_statements_covered": 100.0, "percent_statements_covered_display": "100"}, "missing_lines": [], "excluded_lines": [], "start_line": 210}, "TextKeyphraseExtractor.fit": {"executed_lines": [233, 235, 236, 237, 238, 239, 241, 242, 245, 246, 247, 248, 249, 250, 252, 253, 254, 264, 267, 268, 269, 273, 274, 275, 276, 278, 283, 284, 292, 294, 295, 297, 300, 307, 308, 313, 316, 317, 318, 319, 320, 322, 325, 334, 335, 336, 337, 338], "summary": {"covered_lines": 48, "num_statements": 60, "percent_covered": 80.0, "percent_covered_display": "80", "missing_lines": 12, "excluded_lines": 0, "percent_statements_covered": 80.0, "percent_statements_covered_display": "80"}, "missing_lines": [240, 270, 289, 293, 296, 298, 299, 301, 302, 305, 321, 323], "excluded_lines": [], "start_line": 220}, "SubtopicExtractor.__init__": {"executed_lines": [367, 368, 369, 370], "summary": {"covered_lines": 4, "num_statements": 4, "percent_covered": 100.0, "percent_covered_display": "100", "missing_lines": 0, "excluded_lines": 0, "percent_statements_covered": 100.0, "percent_statements_covered_display": "100"}, "missing_lines": [], "excluded_lines": [], "start_line": 359}, "SubtopicExtractor.requires_name_embeddings": {"executed_lines": [374], "summary": {"covered_lines": 1, "num_statements": 1, "percent_covered": 100.0, "percent_covered_display": "100", "missing_lines": 0, "excluded_lines": 0, "percent_statements_covered": 100.0, "percent_statements_covered_display": "100"}, "missing_lines": [], "excluded_lines": [], "start_line": 373}, "SubtopicExtractor._validate_configuration": {"executed_lines": [377, 378, 379, 380, 388], "summary": {"covered_lines": 5, "num_statements": 7, "percent_covered": 71.42857142857143, "percent_covered_display": "71", "missing_lines": 2, "excluded_lines": 0, "percent_statements_covered": 71.42857142857143, "percent_statements_covered_display": "71"}, "missing_lines": [387, 389], "excluded_lines": [], "start_line": 376}, "SubtopicExtractor._name_embedding_keys": {"executed_lines": [393, 394, 395, 396, 397, 398], "summary": {"covered_lines": 6, "num_statements": 6, "percent_covered": 100.0, "percent_covered_display": "100", "missing_lines": 0, "excluded_lines": 0, "percent_statements_covered": 100.0, "percent_statements_covered_display": "100"}, "missing_lines": [], "excluded_lines": [], "start_line": 391}, "SubtopicExtractor._semantic_groups": {"executed_lines": [402, 404, 405, 406, 407], "summary": {"covered_lines": 5, "num_statements": 5, "percent_covered": 100.0, "percent_covered_display": "100", "missing_lines": 0, "excluded_lines": 0, "percent_statements_covered": 100.0, "percent_statements_covered_display": "100"}, "missing_lines": [], "excluded_lines": [], "start_line": 401}, "SubtopicExtractor.fit": {"executed_lines": [410, 411, 412, 413, 415, 416, 417, 418, 421], "summary": {"covered_lines": 9, "num_statements": 9, "percent_covered": 100.0, "percent_covered_display": "100", "missing_lines": 0, "excluded_lines": 0, "percent_statements_covered": 100.0, "percent_statements_covered_display": "100"}, "missing_lines": [], "excluded_lines": [], "start_line": 409}, "SubtopicExtractor.extract_layer": {"executed_lines": [426, 427, 428, 430, 431, 435, 436, 437, 438, 439], "summary": {"covered_lines": 10, "num_statements": 11, "percent_covered": 90.9090909090909, "percent_covered_display": "91", "missing_lines": 1, "excluded_lines": 0, "percent_statements_covered": 90.9090909090909, "percent_statements_covered_display": "91"}, "missing_lines": [429], "excluded_lines": [], "start_line": 423}, "SubtopicExtractor._semantic_features": {"executed_lines": [442, 449, 450, 452, 457, 458, 460, 461, 462, 467, 471, 472, 473, 476, 477, 481, 484, 485, 486, 487, 488, 489, 490, 495, 496, 499, 500, 501, 502], "summary": {"covered_lines": 29, "num_statements": 32, "percent_covered": 90.625, "percent_covered_display": "91", "missing_lines": 3, "excluded_lines": 0, "percent_statements_covered": 90.625, "percent_statements_covered_display": "91"}, "missing_lines": [451, 459, 468], "excluded_lines": [], "start_line": 441}, "SubtopicExtractor._size_features": {"executed_lines": [505, 506, 511, 512, 513, 514, 517, 518, 519, 521, 522, 527, 528, 531, 536, 537, 541, 542, 543, 544, 545, 546], "summary": {"covered_lines": 22, "num_statements": 23, "percent_covered": 95.65217391304348, "percent_covered_display": "96", "missing_lines": 1, "excluded_lines": 0, "percent_statements_covered": 95.65217391304348, "percent_statements_covered_display": "96"}, "missing_lines": [520], "excluded_lines": [], "start_line": 504}, "TreeSHAPKeyphraseExtractor.__init__": {"executed_lines": [572, 573, 574, 575, 576, 577], "summary": {"covered_lines": 6, "num_statements": 6, "percent_covered": 100.0, "percent_covered_display": "100", "missing_lines": 0, "excluded_lines": 0, "percent_statements_covered": 100.0, "percent_statements_covered_display": "100"}, "missing_lines": [], "excluded_lines": [], "start_line": 563}, "TreeSHAPKeyphraseExtractor.fit": {"executed_lines": [591, 592, 594, 595, 596, 597, 603, 604, 605, 606, 607, 608, 609], "summary": {"covered_lines": 13, "num_statements": 76, "percent_covered": 17.105263157894736, "percent_covered_display": "17", "missing_lines": 63, "excluded_lines": 0, "percent_statements_covered": 17.105263157894736, "percent_statements_covered_display": "17"}, "missing_lines": [610, 611, 612, 613, 616, 617, 618, 619, 624, 625, 626, 629, 630, 632, 633, 634, 635, 636, 637, 638, 639, 640, 641, 643, 644, 645, 646, 647, 648, 649, 650, 651, 652, 653, 654, 655, 656, 657, 658, 659, 660, 665, 670, 671, 674, 681, 684, 685, 687, 688, 689, 690, 691, 692, 693, 696, 697, 698, 699, 700, 701, 702, 703], "excluded_lines": [], "start_line": 579}, "": {"executed_lines": [8, 9, 11, 12, 13, 14, 16, 19, 22, 23, 24, 27, 29, 30, 33, 36, 44, 45, 48, 53, 58, 74, 90, 100, 103, 104, 111, 125, 193, 200, 201, 210, 220, 341, 355, 356, 357, 359, 372, 373, 376, 391, 400, 401, 409, 423, 441, 504, 549, 561, 563, 579], "summary": {"covered_lines": 52, "num_statements": 52, "percent_covered": 100.0, "percent_covered_display": "100", "missing_lines": 0, "excluded_lines": 0, "percent_statements_covered": 100.0, "percent_statements_covered_display": "100"}, "missing_lines": [], "excluded_lines": [], "start_line": 1}}, "classes": {"FeatureExtractorBase": {"executed_lines": [31, 34, 42, 49, 50, 51, 54, 55], "summary": {"covered_lines": 8, "num_statements": 8, "percent_covered": 100.0, "percent_covered_display": "100", "missing_lines": 0, "excluded_lines": 0, "percent_statements_covered": 100.0, "percent_statements_covered_display": "100"}, "missing_lines": [], "excluded_lines": [], "start_line": 19}, "TextExemplarExtractor": {"executed_lines": [119, 120, 121, 122, 123, 135, 141, 142, 143, 144, 145, 146, 147, 148, 149, 150, 151, 152, 153, 154, 155, 156, 157, 158, 159, 160, 161, 162, 163, 164, 167, 168, 175, 178, 179, 187, 188, 189, 190], "summary": {"covered_lines": 39, "num_statements": 40, "percent_covered": 97.5, "percent_covered_display": "98", "missing_lines": 1, "excluded_lines": 0, "percent_statements_covered": 97.5, "percent_statements_covered_display": "98"}, "missing_lines": [184], "excluded_lines": [], "start_line": 100}, "TextKeyphraseExtractor": {"executed_lines": [216, 217, 218, 233, 235, 236, 237, 238, 239, 241, 242, 245, 246, 247, 248, 249, 250, 252, 253, 254, 264, 267, 268, 269, 273, 274, 275, 276, 278, 283, 284, 292, 294, 295, 297, 300, 307, 308, 313, 316, 317, 318, 319, 320, 322, 325, 334, 335, 336, 337, 338], "summary": {"covered_lines": 51, "num_statements": 63, "percent_covered": 80.95238095238095, "percent_covered_display": "81", "missing_lines": 12, "excluded_lines": 0, "percent_statements_covered": 80.95238095238095, "percent_statements_covered_display": "81"}, "missing_lines": [240, 270, 289, 293, 296, 298, 299, 301, 302, 305, 321, 323], "excluded_lines": [], "start_line": 193}, "SubtopicExtractor": {"executed_lines": [367, 368, 369, 370, 374, 377, 378, 379, 380, 388, 393, 394, 395, 396, 397, 398, 402, 404, 405, 406, 407, 410, 411, 412, 413, 415, 416, 417, 418, 421, 426, 427, 428, 430, 431, 435, 436, 437, 438, 439, 442, 449, 450, 452, 457, 4
[...]
_statements_covered": 100.0, "percent_statements_covered_display": "100"}, "missing_lines": [], "excluded_lines": [], "start_line": 723}, "Toponymy.topic_sizes_": {"executed_lines": [729, 730], "summary": {"covered_lines": 2, "num_statements": 2, "percent_covered": 100.0, "percent_covered_display": "100", "missing_lines": 0, "excluded_lines": 0, "percent_statements_covered": 100.0, "percent_statements_covered_display": "100"}, "missing_lines": [], "excluded_lines": [], "start_line": 728}, "Toponymy.topic_name_vectors_": {"executed_lines": [734, 735], "summary": {"covered_lines": 2, "num_statements": 2, "percent_covered": 100.0, "percent_covered_display": "100", "missing_lines": 0, "excluded_lines": 0, "percent_statements_covered": 100.0, "percent_statements_covered_display": "100"}, "missing_lines": [], "excluded_lines": [], "start_line": 733}, "Toponymy.topic_tree_": {"executed_lines": [739], "summary": {"covered_lines": 1, "num_statements": 2, "percent_covered": 50.0, "percent_covered_display": "50", "missing_lines": 1, "excluded_lines": 0, "percent_statements_covered": 50.0, "percent_statements_covered_display": "50"}, "missing_lines": [740], "excluded_lines": [], "start_line": 738}, "": {"executed_lines": [3, 4, 5, 7, 8, 9, 10, 11, 12, 14, 15, 20, 21, 22, 25, 36, 47, 124, 128, 315, 323, 339, 346, 371, 372, 387, 454, 460, 496, 506, 507, 519, 559, 569, 574, 575, 586, 622, 670, 685, 701, 717, 718, 722, 723, 727, 728, 732, 733, 737, 738], "summary": {"covered_lines": 51, "num_statements": 51, "percent_covered": 100.0, "percent_covered_display": "100", "missing_lines": 0, "excluded_lines": 0, "percent_statements_covered": 100.0, "percent_statements_covered_display": "100"}, "missing_lines": [], "excluded_lines": [], "start_line": 1}}, "classes": {"Toponymy": {"executed_lines": [66, 68, 70, 78, 79, 80, 81, 82, 83, 84, 89, 90, 92, 94, 95, 99, 103, 108, 110, 115, 116, 117, 118, 119, 120, 121, 122, 125, 126, 144, 145, 147, 149, 150, 151, 152, 153, 154, 155, 156, 161, 162, 166, 167, 168, 171, 172, 173, 174, 182, 186, 191, 192, 194, 199, 200, 201, 202, 206, 210, 211, 212, 213, 214, 215, 220, 221, 222, 223, 224, 231, 238, 239, 240, 241, 242, 253, 259, 260, 261, 262, 263, 268, 270, 271, 275, 279, 282, 283, 284, 285, 286, 287, 288, 289, 294, 295, 296, 297, 298, 299, 302, 305, 306, 307, 308, 309, 310, 311, 312, 313, 316, 318, 319, 324, 325, 333, 340, 341, 342, 347, 348, 349, 350, 351, 352, 355, 356, 359, 360, 366, 367, 368, 369, 373, 374, 378, 379, 380, 383, 384, 385, 389, 391, 393, 394, 395, 396, 398, 399, 400, 401, 405, 406, 413, 417, 418, 419, 425, 430, 431, 432, 435, 436, 439, 440, 442, 443, 444, 445, 446, 447, 451, 452, 455, 456, 461, 462, 463, 464, 465, 466, 467, 468, 469, 470, 471, 472, 473, 476, 481, 482, 483, 484, 485, 486, 489, 494, 497, 498, 499, 504, 508, 513, 516, 517, 520, 521, 522, 523, 524, 527, 532, 551, 552, 553, 560, 561, 563, 564, 565, 566, 567, 570, 571, 572, 576, 579, 588, 589, 590, 591, 592, 593, 594, 595, 596, 597, 598, 605, 606, 607, 608, 609, 614, 615, 616, 617, 618, 619, 620, 624, 625, 626, 627, 628, 629, 630, 631, 632, 633, 634, 639, 641, 642, 643, 644, 646, 647, 648, 649, 650, 651, 652, 653, 658, 662, 663, 664, 665, 666, 667, 668, 678, 693, 699, 719, 720, 724, 725, 729, 730, 734, 735, 739], "summary": {"covered_lines": 295, "num_statements": 318, "percent_covered": 92.76729559748428, "percent_covered_display": "93", "missing_lines": 23, "excluded_lines": 0, "percent_statements_covered": 92.76729559748428, "percent_statements_covered_display": "93"}, "missing_lines": [67, 69, 75, 91, 93, 109, 146, 148, 179, 317, 375, 382, 390, 392, 397, 412, 414, 562, 640, 659, 709, 715, 740], "excluded_lines": [], "start_line": 36}, "": {"executed_lines": [3, 4, 5, 7, 8, 9, 10, 11, 12, 14, 15, 20, 21, 22, 25, 26, 27, 28, 29, 30, 31, 32, 33, 36, 47, 124, 128, 315, 323, 339, 346, 371, 372, 387, 454, 460, 496, 506, 507, 519, 559, 569, 574, 575, 586, 622, 670, 685, 701, 717, 718, 722, 723, 727, 728, 732, 733, 737, 738], "summary": {"covered_lines": 59, "num_statements": 59, "percent_covered": 100.0, "percent_covered_display": "100", "missing_lines": 0, "excluded_lines": 0, "percent_statements_covered": 100.0, "percent_statements_covered_display": "100"}, "missing_lines": [], "excluded_lines": [], "start_line": 1}}}, "toponymy/treemap.py": {"executed_lines": [3, 5, 8, 9, 11, 12, 13, 14, 17, 19, 20, 21, 22, 23, 24, 25, 26, 27, 28, 29, 30, 31, 32, 33, 34, 35, 36, 39, 48, 49, 50, 51, 53, 54, 56, 57, 59, 60, 61, 62, 63, 64, 66, 67, 68, 70, 76, 77, 78, 80, 81], "summary": {"covered_lines": 51, "num_statements": 54, "percent_covered": 94.44444444444444, "percent_covered_display": "94", "missing_lines": 3, "excluded_lines": 0, "percent_statements_covered": 94.44444444444444, "percent_statements_covered_display": "94"}, "missing_lines": [10, 58, 69], "excluded_lines": [], "functions": {"_layer_value": {"executed_lines": [9, 11, 12, 13, 14], "summary": {"covered_lines": 5, "num_statements": 6, "percent_covered": 83.33333333333333, "percent_covered_display": "83", "missing_lines": 1, "excluded_lines": 0, "percent_statements_covered": 83.33333333333333, "percent_statements_covered_display": "83"}, "missing_lines": [10], "excluded_lines": [], "start_line": 8}, "_rooted_tree": {"executed_lines": [19, 20, 21, 22, 23, 24, 25, 26, 27, 28, 29, 30, 31, 32, 33, 34, 35, 36], "summary": {"covered_lines": 18, "num_statements": 18, "percent_covered": 100.0, "percent_covered_display": "100", "missing_lines": 0, "excluded_lines": 0, "percent_statements_covered": 100.0, "percent_statements_covered_display": "100"}, "missing_lines": [], "excluded_lines": [], "start_line": 17}, "treemap_dataframe": {"executed_lines": [48, 49, 50, 51, 53, 56, 80, 81], "summary": {"covered_lines": 8, "num_statements": 8, "percent_covered": 100.0, "percent_covered_display": "100", "missing_lines": 0, "excluded_lines": 0, "percent_statements_covered": 100.0, "percent_statements_covered_display": "100"}, "missing_lines": [], "excluded_lines": [], "start_line": 39}, "treemap_dataframe.node_id": {"executed_lines": [54], "summary": {"covered_lines": 1, "num_statements": 1, "percent_covered": 100.0, "percent_covered_display": "100", "missing_lines": 0, "excluded_lines": 0, "percent_statements_covered": 100.0, "percent_statements_covered_display": "100"}, "missing_lines": [], "excluded_lines": [], "start_line": 53}, "treemap_dataframe.visit": {"executed_lines": [57, 59, 60, 61, 62, 63, 64, 66, 67, 68, 70, 76, 77, 78], "summary": {"covered_lines": 14, "num_statements": 16, "percent_covered": 87.5, "percent_covered_display": "88", "missing_lines": 2, "excluded_lines": 0, "percent_statements_covered": 87.5, "percent_statements_covered_display": "88"}, "missing_lines": [58, 69], "excluded_lines": [], "start_line": 56}, "": {"executed_lines": [3, 5, 8, 17, 39], "summary": {"covered_lines": 5, "num_statements": 5, "percent_covered": 100.0, "percent_covered_display": "100", "missing_lines": 0, "excluded_lines": 0, "percent_statements_covered": 100.0, "percent_statements_covered_display": "100"}, "missing_lines": [], "excluded_lines": [], "start_line": 1}}, "classes": {"": {"executed_lines": [3, 5, 8, 9, 11, 12, 13, 14, 17, 19, 20, 21, 22, 23, 24, 25, 26, 27, 28, 29, 30, 31, 32, 33, 34, 35, 36, 39, 48, 49, 50, 51, 53, 54, 56, 57, 59, 60, 61, 62, 63, 64, 66, 67, 68, 70, 76, 77, 78, 80, 81], "summary": {"covered_lines": 51, "num_statements": 54, "percent_covered": 94.44444444444444, "percent_covered_display": "94", "missing_lines": 3, "excluded_lines": 0, "percent_statements_covered": 94.44444444444444, "percent_statements_covered_display": "94"}, "missing_lines": [10, 58, 69], "excluded_lines": [], "start_line": 1}}}, "toponymy/types.py": {"executed_lines": [3, 4, 6, 7, 9, 10, 13, 14, 15, 16, 18, 19, 20, 23, 24, 27, 28, 33, 34, 37, 38, 41, 42, 44, 45, 52, 53, 54, 55, 56, 57, 59, 60, 61, 62, 63, 64, 65, 66, 67, 68, 69, 72, 73, 80, 81, 82, 84, 85, 92, 93, 94, 95, 96, 97, 99, 100, 101, 102, 103, 104, 105, 106, 107, 108, 109, 110, 111, 112, 113, 114, 115, 116, 117, 118, 119, 120, 121, 122, 124, 125, 127, 129, 130, 132, 133, 135, 136, 139], "summary": {"covered_lines": 89, "num_statements": 89, "percent_covered": 100.0, "percent_covered_display": "100", "missing_lines": 0, "excluded_lines": 3, "percent_statements_covered": 100.0, "percent_statements_covered_display": "100"}, "missing_lines": [], "excluded_lines": [141, 142, 143], "functions": {"_integer_vector": {"executed_lines": [14, 15, 16, 18, 19, 20, 23, 24], "summary": {"covered_lines": 8, "num_statements": 8, "percent_covered": 100.0, "percent_covered_display": "100", "missing_lines": 0, "excluded_lines": 0, "percent_statements_covered": 100.0, "percent_statements_covered_display": "100"}, "missing_lines": [], "excluded_lines": [], "start_line": 13}, "_nonnegative_integer": {"executed_lines": [28, 33, 34], "summary": {"covered_lines": 3, "num_statements": 3, "percent_covered": 100.0, "percent_covered_display": "100", "missing_lines": 0, "excluded_lines": 0, "percent_statements_covered": 100.0, "percent_statements_covered_display": "100"}, "missing_lines": [], "excluded_lines": [], "start_line": 27}, "Cluster._from_grouped_members": {"executed_lines": [52, 53, 54, 55, 56, 57], "summary": {"covered_lines": 6, "num_statements": 6, "percent_covered": 100.0, "percent_covered_display": "100", "missing_lines": 0, "excluded_lines": 0, "percent_statements_covered": 100.0, "percent_statements_covered_display": "100"}, "missing_lines": [], "excluded_lines": [], "start_line": 45}, "Cluster.__post_init__": {"executed_lines": [60, 61, 62, 63, 64, 65, 66, 67, 68, 69], "summary": {"covered_lines": 10, "num_statements": 10, "percent_covered": 100.0, "percent_covered_display": "100", "missing_lines": 0, "excluded_lines": 0, "percent_statements_covered": 100.0, "percent_statements_covered_display": "100"}, "missing_lines": [], "excluded_lines": [], "start_line": 59}, "ClusterLayer._from_grouped_clusters": {"executed_lines": [92, 93, 94, 95, 96, 97], "summary": {"covered_lines": 6, "num_statements": 6, "percent_covered": 100.0, "percent_covered_display": "100", "missing_lines": 0, "excluded_lines": 0, "percent_statements_covered": 100.0, "percent_statements_covered_display": "100"}, "missing_lines": [], "excluded_lines": [], "start_line": 85}, "ClusterLayer.__post_init__": {"executed_lines": [100, 101, 102, 103, 104, 105, 106, 107, 108, 109, 110, 111, 112, 113, 114, 115, 116, 117, 118, 119, 120, 121, 122], "summary": {"covered_lines": 23, "num_statements": 23, "percent_covered": 100.0, "percent_covered_display": "100", "missing_lines": 0, "excluded_lines": 0, "percent_statements_covered": 100.0, "percent_statements_covered_display": "100"}, "missing_lines": [], "excluded_lines": [], "start_line": 99}, "ClusterLayer.cluster_labels": {"executed_lines": [127], "summary": {"covered_lines": 1, "num_statements": 1, "percent_covered": 100.0, "percent_covered_display": "100", "missing_lines": 0, "excluded_lines": 0, "percent_statements_covered": 100.0, "percent_statements_covered_display": "100"}, "missing_lines": [], "excluded_lines": [], "start_line": 125}, "ClusterLayer.__len__": {"executed_lines": [130], "summary": {"covered_lines": 1, "num_statements": 1, "percent_covered": 100.0, "percent_covered_display": "100", "missing_lines": 0, "excluded_lines": 0, "percent_statements_covered": 100.0, "percent_statements_covered_display": "100"}, "missing_lines": [], "excluded_lines": [], "start_line": 129}, "ClusterLayer.__getitem__": {"executed_lines": [133], "summary": {"covered_lines": 1, "num_statements": 1, "percent_covered": 100.0, "percent_covered_display": "100", "missing_lines": 0, "excluded_lines": 0, "percent_statements_covered": 100.0, "percent_statements_covered_display": "100"}, "missing_lines": [], "excluded_lines": [], "start_line": 132}, "ClusterLayer.__iter__": {"executed_lines": [136], "summary": {"covered_lines": 1, "num_statements": 1, "percent_covered": 100.0, "percent_covered_display": "100", "missing_lines": 0, "excluded_lines": 0, "percent_statements_covered": 100.0, "percent_statements_covered_display": "100"}, "missing_lines": [], "excluded_lines": [], "start_line": 135}, "TextEmbedderProtocol.encode": {"executed_lines": [], "summary": {"covered_lines": 0, "num_statements": 0, "percent_covered": 100.0, "percent_covered_display": "100", "missing_lines": 0, "excluded_lines": 1, "percent_statements_covered": 100.0, "percent_statements_covered_display": "100"}, "missing_lines": [], "excluded_lines": [142], "start_line": 142}, "": {"executed_lines": [3, 4, 6, 7, 9, 10, 13, 27, 37, 38, 41, 42, 44, 45, 59, 72, 73, 80, 81, 82, 84, 85, 99, 124, 125, 129, 132, 135, 139], "summary": {"covered_lines": 29, "num_statements": 29, "percent_covered": 100.0, "percent_covered_display": "100", "missing_lines": 0, "excluded_lines": 1, "percent_statements_covered": 100.0, "percent_statements_covered_display": "100"}, "missing_lines": [], "excluded_lines": [141], "start_line": 1}}, "classes": {"Cluster": {"executed_lines": [52, 53, 54, 55, 56, 57, 60, 61, 62, 63, 64, 65, 66, 67, 68, 69], "summary": {"covered_lines": 16, "num_statements": 16, "percent_covered": 100.0, "percent_covered_display": "100", "missing_lines": 0, "excluded_lines": 0, "percent_statements_covered": 100.0, "percent_statements_covered_display": "100"}, "missing_lines": [], "excluded_lines": [], "start_line": 38}, "ClusterLayer": {"executed_lines": [92, 93, 94, 95, 96, 97, 100, 101, 102, 103, 104, 105, 106, 107, 108, 109, 110, 111, 112, 113, 114, 115, 116, 117, 118, 119, 120, 121, 122, 127, 130, 133, 136], "summary": {"covered_lines": 33, "num_statements": 33, "percent_covered": 100.0, "percent_covered_display": "100", "missing_lines": 0, "excluded_lines": 0, "percent_statements_covered": 100.0, "percent_statements_covered_display": "100"}, "missing_lines": [], "excluded_lines": [], "start_line": 73}, "TextEmbedderProtocol": {"executed_lines": [], "summary": {"covered_lines": 0, "num_statements": 0, "percent_covered": 100.0, "percent_covered_display": "100", "missing_lines": 0, "excluded_lines": 1, "percent_statements_covered": 100.0, "percent_statements_covered_display": "100"}, "missing_lines": [], "excluded_lines": [142], "start_line": 139}, "": {"executed_lines": [3, 4, 6, 7, 9, 10, 13, 14, 15, 16, 18, 19, 20, 23, 24, 27, 28, 33, 34, 37, 38, 41, 42, 44, 45, 59, 72, 73, 80, 81, 82, 84, 85, 99, 124, 125, 129, 132, 135, 139], "summary": {"covered_lines": 40, "num_statements": 40, "percent_covered": 100.0, "percent_covered_display": "100", "missing_lines": 0, "excluded_lines": 1, "percent_statements_covered": 100.0, "percent_statements_covered_display": "100"}, "missing_lines": [], "excluded_lines": [141], "start_line": 1}}}, "toponymy/utility_functions.py": {"executed_lines": [1, 2, 5, 7, 8, 9, 10, 11, 12, 15, 17, 18, 20, 21, 22, 29, 30, 31, 32, 34, 35, 37, 38, 39, 40, 41, 44, 46, 47, 48, 49, 50, 52, 55, 56, 58, 59, 60, 61, 62, 64, 65, 66, 67, 69, 70, 71, 72, 73, 75, 76, 77, 78, 79, 80, 81, 82, 85, 86, 87, 89, 92, 93, 96, 100, 101, 102, 104, 106, 109, 110, 118, 120, 127, 129, 130, 131, 133, 136, 137, 139, 141, 146, 147, 150, 151, 152, 153, 154, 155, 156, 157, 158, 159, 163, 164, 165, 166, 167, 171, 175, 178, 179, 183], "summary": {"covered_lines": 104, "num_statements": 112, "percent_covered": 92.85714285714286, "percent_covered_display": "93", "missing_lines": 8, "excluded_lines": 0, "percent_statements_covered": 92.85714285714286, "percent_statements_covered_display": "93"}, "missing_lines": [19, 51, 63, 74, 119, 126, 128, 132], "excluded_lines": [], "functions": {"_normalize_rows": {"executed_lines": [7, 8, 9, 10, 11, 12], "summary": {"covered_lines": 6, "num_statements": 6, "percent_covered": 100.0, "percent_covered_display": "100", "missing_lines": 0, "excluded_lines": 0, "percent_statements_covered": 100.0, "percent_statements_covered_display": "100"}, "missing_lines": [], "excluded_lines": [], "start_line": 5}, "_mean_vector": {"executed_lines": [17, 18, 20, 21, 22, 29, 30, 31, 32, 34, 35, 37, 38, 39, 40, 41], "summary": {"covered_lines": 16, "num_statements": 17, "percent_covered": 94.11764705882354, "percent_covered_display": "94", "missing_lines": 1, "excluded_lines": 0, "percent_statements_covered": 94.11764705882354, "percent_statements_covered_display": "94"}, "missing_lines": [19], "excluded_lines": [], "start_line": 15}, "_center_vectors": {"executed_lines": [46, 47, 48, 49, 50, 52], "summary": {"covered_lines": 6, "num_statements": 7, "percent_covered": 85.71428571428571, "percent_covered_display": "86", "missing_lines": 1, "excluded_lines": 0, "percent_statements_covered": 85.71428571428571, "percent_statements_covered_display": "86"}, "missing_lines": [51], "excluded_lines": [], "start_line": 44}, "distance_to_vector": {"executed_lines": [58, 59, 60, 61, 62, 64, 65, 66, 67, 69, 70, 71, 72, 73, 75, 76, 77, 78, 79, 80, 81, 82], "summary": {"covered_lines": 22, "num_statements": 24, "percent_covered": 91.66666666666667, "percent_covered_display": "92", "missing_lines": 2, "excluded_lines": 0, "percent_statements_covered": 91.66666666666667, "percent_statements_covered_display": "92"}, "missing_lines": [63, 74], "excluded_lines": [], "start_line": 56}, "diversify_fixed_alpha": {"executed_lines": [87, 89, 92, 93, 96, 100, 101, 102, 104, 106], "summary": {"covered_lines": 10, "num_statements": 10, "percent_covered": 100.0, "percent_covered_display": "100", "missing_lines": 0, "excluded_lines": 0, "percent_statements_covered": 100.0, "percent_statements_covered_display": "100"}, "missing_lines": [], "excluded_lines": [], "start_line": 86}, "diversify_max_alpha": {"executed_lines": [118, 120, 127, 129, 130, 131, 133, 136, 137, 139, 141], "summary": {"covered_lines": 11, "num_statements": 15, "percent_covered": 73.33333333333333, "percent_covered_display": "73", "missing_lines": 4, "excluded_lines": 0, "percent_statements_covered": 73.33333333333333, "percent_statements_covered_display": "73"}, "missing_lines": [119, 126, 128, 132], "excluded_lines": [], "start_line": 110}, "centroids_from_labels": {"executed_lines": [150, 151, 152, 153, 154, 155, 156, 157, 158, 159, 163, 164, 165, 166, 167, 171, 175, 178, 179, 183], "summary": {"covered_lines": 20, "num_statements": 20, "percent_covered": 100.0, "percent_covered_display": "100", "missing_lines": 0, "excluded_lines": 0, "percent_statements_covered": 100.0, "percent_statements_covered_display": "100"}, "missing_lines": [], "excluded_lines": [], "start_line": 147}, "": {"executed_lines": [1, 2, 5, 15, 44, 55, 56, 85, 86, 109, 110, 146, 147], "summary": {"covered_lines": 13, "num_statements": 13, "percent_covered": 100.0, "percent_covered_display": "100", "missing_lines": 0, "excluded_lines": 0, "percent_statements_covered": 100.0, "percent_statements_covered_display": "100"}, "missing_lines": [], "excluded_lines": [], "start_line": 1}}, "classes": {"": {"executed_lines": [1, 2, 5, 7, 8, 9, 10, 11, 12, 15, 17, 18, 20, 21, 22, 29, 30, 31, 32, 34, 35, 37, 38, 39, 40, 41, 44, 46, 47, 48, 49, 50, 52, 55, 56, 58, 59, 60, 61, 62, 64, 65, 66, 67, 69, 70, 71, 72, 73, 75, 76, 77, 78, 79, 80, 81, 82, 85, 86, 87, 89, 92, 93, 96, 100, 101, 102, 104, 106, 109, 110, 118, 120, 127, 129, 130, 131, 133, 136, 137, 139, 141, 146, 147, 150, 151, 152, 153, 154, 155, 156, 157, 158, 159, 163, 164, 165, 166, 167, 171, 175, 178, 179, 183], "summary": {"covered_lines": 104, "num_statements": 112, "percent_covered": 92.85714285714286, "percent_covered_display": "93", "missing_lines": 8, "excluded_lines": 0, "percent_statements_covered": 92.85714285714286, "percent_statements_covered_display": "93"}, "missing_lines": [19, 51, 63, 74, 119, 126, 128, 132], "excluded_lines": [], "start_line": 1}}}}, "totals": {"covered_lines": 5028, "num_statements": 5562, "percent_covered": 90.39913700107874, "percent_covered_display": "90", "missing_lines": 534, "excluded_lines": 24, "percent_statements_covered": 90.39913700107874, "percent_statements_covered_display": "90"}}